+--------------------+--------+-----------+
|              p_name| p_brand|ps_availqty|
+--------------------+--------+-----------+
|burlywood cyan pl...|Brand#44|       6543|
|burlywood cyan pl...|Brand#44|       4012|
|burlywood cyan pl...|Brand#44|       6763|
|burlywood cyan pl...|Brand#44|        169|
|midnight aquamari...|Brand#52|       9665|
|midnight aquamari...|Brand#52|       5262|
|midnight aquamari...|Brand#52|       3949|
|midnight aquamari...|Brand#52|       4549|
|lemon powder mocc...|Brand#31|       4649|
|lemon powder mocc...|Brand#31|       1527|
|lemon powder mocc...|Brand#31|       1013|
|lemon powder mocc...|Brand#31|       3118|
|burnished ghost t...|Brand#35|       5330|
|burnished ghost t...|Brand#35|       6680|
|burnished ghost t...|Brand#35|       2020|
|burnished ghost t...|Brand#35|       8807|
|ghost spring gree...|Brand#41|       5954|
|ghost spring gree...|Brand#41|       8601|
|ghost spring gree...|Brand#41|       6866|
|ghost spring gree...|Brand#41|        568|
+--------------------+--------+-----------+
only showing top 20 rows

== Physical Plan ==
*(3) Project [p_name#35, p_brand#37, ps_availqty#80]
+- *(3) ShuffledHashJoin [p_partkey#34], [ps_partkey#78], Inner, BuildLeft
   :- Exchange hashpartitioning(p_partkey#34, 200), ENSURE_REQUIREMENTS, [id=#128]
   :  +- *(1) Project [p_partkey#34, p_name#35, p_brand#37]
   :     +- *(1) Filter ((((isnotnull(p_size#39) AND isnotnull(p_type#38)) AND (p_size#39 = 15)) AND EndsWith(p_type#38, BRASS)) AND isnotnull(p_partkey#34))
   :        +- FileScan csv [p_partkey#34,p_name#35,p_brand#37,p_type#38,p_size#39] Batched: false, DataFilters: [isnotnull(p_size#39), isnotnull(p_type#38), (p_size#39 = 15), EndsWith(p_type#38, BRASS), isnotn..., Format: CSV, Location: InMemoryFileIndex[hdfs://parasilo-11.rennes.grid5000.fr:9000/user/diplomma/data/data50/part.tbl], PartitionFilters: [], PushedFilters: [IsNotNull(p_size), IsNotNull(p_type), EqualTo(p_size,15), StringEndsWith(p_type,BRASS), IsNotNul..., ReadSchema: struct<p_partkey:int,p_name:string,p_brand:string,p_type:string,p_size:int>
   +- Exchange hashpartitioning(ps_partkey#78, 200), ENSURE_REQUIREMENTS, [id=#133]
      +- *(2) Filter isnotnull(ps_partkey#78)
         +- FileScan csv [ps_partkey#78,ps_availqty#80] Batched: false, DataFilters: [isnotnull(ps_partkey#78)], Format: CSV, Location: InMemoryFileIndex[hdfs://parasilo-11.rennes.grid5000.fr:9000/user/diplomma/data/data50/partsupp.tbl], PartitionFilters: [], PushedFilters: [IsNotNull(ps_partkey)], ReadSchema: struct<ps_partkey:int,ps_availqty:int>


Partitions no customer part partsupp 24 46
