+----------+------------------+
|l_orderkey|            s_name|
+----------+------------------+
|   3102754|Supplier#000323027|
|   3104737|Supplier#000155628|
|   3105187|Supplier#000286566|
|   3105826|Supplier#000135965|
|   3106051|Supplier#000172523|
|   3106757|Supplier#000102960|
|   3106880|Supplier#000017679|
|   3107270|Supplier#000379950|
|   3107680|Supplier#000195901|
|   3107909|Supplier#000344392|
|   3108581|Supplier#000438279|
|   3109314|Supplier#000195577|
|   3109729|Supplier#000368202|
|   3109767|Supplier#000082672|
|   3109857|Supplier#000102793|
|   3109895|Supplier#000309597|
|   3110115|Supplier#000381626|
|   3110435|Supplier#000135027|
|   3110597|Supplier#000180191|
|   3111073|Supplier#000356926|
+----------+------------------+
only showing top 20 rows

== Physical Plan ==
*(3) Project [l_orderkey#48, s_name#111]
+- *(3) ShuffledHashJoin [s_suppkey#110], [l_suppkey#50], Inner, BuildLeft
   :- Exchange hashpartitioning(s_suppkey#110, 200), ENSURE_REQUIREMENTS, [id=#127]
   :  +- *(1) Filter isnotnull(s_suppkey#110)
   :     +- FileScan csv [s_suppkey#110,s_name#111] Batched: false, DataFilters: [isnotnull(s_suppkey#110)], Format: CSV, Location: InMemoryFileIndex[hdfs://parasilo-11.rennes.grid5000.fr:9000/user/diplomma/data/data50/supplier.tbl], PartitionFilters: [], PushedFilters: [IsNotNull(s_suppkey)], ReadSchema: struct<s_suppkey:int,s_name:string>
   +- Exchange hashpartitioning(l_suppkey#50, 200), ENSURE_REQUIREMENTS, [id=#133]
      +- *(2) Project [l_orderkey#48, l_suppkey#50]
         +- *(2) Filter ((isnotnull(l_shipdate#58) AND (cast(l_shipdate#58 as date) > 9204)) AND isnotnull(l_suppkey#50))
            +- FileScan csv [l_orderkey#48,l_suppkey#50,l_shipdate#58] Batched: false, DataFilters: [isnotnull(l_shipdate#58), (cast(l_shipdate#58 as date) > 9204), isnotnull(l_suppkey#50)], Format: CSV, Location: InMemoryFileIndex[hdfs://parasilo-11.rennes.grid5000.fr:9000/user/diplomma/data/data50/lineitem.tbl], PartitionFilters: [], PushedFilters: [IsNotNull(l_shipdate), IsNotNull(l_suppkey)], ReadSchema: struct<l_orderkey:int,l_suppkey:int,l_shipdate:string>


Partitions no lineitem supplier 295 12
