+----------+------------------+
|l_orderkey|            s_name|
+----------+------------------+
|   2071332|Supplier#000443065|
|   2071557|Supplier#000324192|
|   2071776|Supplier#000197949|
|   2071875|Supplier#000398542|
|   2071907|Supplier#000478705|
|   2071971|Supplier#000018800|
|   2072224|Supplier#000293947|
|   2072417|Supplier#000225333|
|   2072642|Supplier#000162473|
|   2072774|Supplier#000425532|
|   2072834|Supplier#000244430|
|   2073703|Supplier#000399757|
|   2073959|Supplier#000132406|
|   2074087|Supplier#000306768|
|   2074212|Supplier#000314843|
|   2074658|Supplier#000170846|
|   2074880|Supplier#000064590|
|   2074917|Supplier#000130544|
|   2074945|Supplier#000477740|
|   2075522|Supplier#000328989|
+----------+------------------+
only showing top 20 rows

== Physical Plan ==
*(3) Project [l_orderkey#48, s_name#111]
+- *(3) ShuffledHashJoin [s_suppkey#110], [l_suppkey#50], Inner, BuildLeft
   :- Exchange hashpartitioning(s_suppkey#110, 200), ENSURE_REQUIREMENTS, [id=#127]
   :  +- *(1) Filter isnotnull(s_suppkey#110)
   :     +- FileScan csv [s_suppkey#110,s_name#111] Batched: false, DataFilters: [isnotnull(s_suppkey#110)], Format: CSV, Location: InMemoryFileIndex[hdfs://parasilo-11.rennes.grid5000.fr:9000/user/diplomma/data/data50/supplier.tbl], PartitionFilters: [], PushedFilters: [IsNotNull(s_suppkey)], ReadSchema: struct<s_suppkey:int,s_name:string>
   +- Exchange hashpartitioning(l_suppkey#50, 200), ENSURE_REQUIREMENTS, [id=#133]
      +- *(2) Project [l_orderkey#48, l_suppkey#50]
         +- *(2) Filter ((isnotnull(l_shipdate#58) AND (cast(l_shipdate#58 as date) > 9204)) AND isnotnull(l_suppkey#50))
            +- FileScan csv [l_orderkey#48,l_suppkey#50,l_shipdate#58] Batched: false, DataFilters: [isnotnull(l_shipdate#58), (cast(l_shipdate#58 as date) > 9204), isnotnull(l_suppkey#50)], Format: CSV, Location: InMemoryFileIndex[hdfs://parasilo-11.rennes.grid5000.fr:9000/user/diplomma/data/data50/lineitem.tbl], PartitionFilters: [], PushedFilters: [IsNotNull(l_shipdate), IsNotNull(l_suppkey)], ReadSchema: struct<l_orderkey:int,l_suppkey:int,l_shipdate:string>


Partitions no lineitem supplier 295 8
