+----------+------------------+
|l_orderkey|            s_name|
+----------+------------------+
|   7230342|Supplier#000014570|
|   7230433|Supplier#000413553|
|   7230820|Supplier#000227152|
|   7231008|Supplier#000439407|
|   7231334|Supplier#000174229|
|   7231362|Supplier#000133018|
|   7232418|Supplier#000095476|
|   7232609|Supplier#000443483|
|   7232742|Supplier#000068098|
|   7233217|Supplier#000196628|
|   7233220|Supplier#000145095|
|   7233253|Supplier#000232043|
|   7233473|Supplier#000378385|
|   7233511|Supplier#000044358|
|   7233989|Supplier#000195574|
|   7234180|Supplier#000344072|
|   7234370|Supplier#000372450|
|   7234817|Supplier#000118185|
|   7235687|Supplier#000373721|
|   7235750|Supplier#000373721|
+----------+------------------+
only showing top 20 rows

== Physical Plan ==
*(3) Project [l_orderkey#48, s_name#111]
+- *(3) ShuffledHashJoin [s_suppkey#110], [l_suppkey#50], Inner, BuildLeft
   :- Exchange hashpartitioning(s_suppkey#110, 200), ENSURE_REQUIREMENTS, [id=#127]
   :  +- *(1) Filter isnotnull(s_suppkey#110)
   :     +- FileScan csv [s_suppkey#110,s_name#111] Batched: false, DataFilters: [isnotnull(s_suppkey#110)], Format: CSV, Location: InMemoryFileIndex[hdfs://parasilo-11.rennes.grid5000.fr:9000/user/diplomma/data/data50/supplier.tbl], PartitionFilters: [], PushedFilters: [IsNotNull(s_suppkey)], ReadSchema: struct<s_suppkey:int,s_name:string>
   +- Exchange hashpartitioning(l_suppkey#50, 200), ENSURE_REQUIREMENTS, [id=#133]
      +- *(2) Project [l_orderkey#48, l_suppkey#50]
         +- *(2) Filter ((isnotnull(l_shipdate#58) AND (cast(l_shipdate#58 as date) > 9204)) AND isnotnull(l_suppkey#50))
            +- FileScan csv [l_orderkey#48,l_suppkey#50,l_shipdate#58] Batched: false, DataFilters: [isnotnull(l_shipdate#58), (cast(l_shipdate#58 as date) > 9204), isnotnull(l_suppkey#50)], Format: CSV, Location: InMemoryFileIndex[hdfs://parasilo-11.rennes.grid5000.fr:9000/user/diplomma/data/data50/lineitem.tbl], PartitionFilters: [], PushedFilters: [IsNotNull(l_shipdate), IsNotNull(l_suppkey)], ReadSchema: struct<l_orderkey:int,l_suppkey:int,l_shipdate:string>


Partitions no lineitem supplier 295 16
