We are here
+---------+------------------+--------------+---------+--------------+--------------------+---------------+--------------------+
|s_acctbal|            s_name|        n_name|p_partkey|        p_mfgr|           s_address|        s_phone|           s_comment|
+---------+------------------+--------------+---------+--------------+--------------------+---------------+--------------------+
|  -101.76|Supplier#000393437|       ROMANIA|  4143420|Manufacturer#3|lDgE0xtaejgEbtHnY...|29-368-882-3188|phins wake carefu...|
|  1018.64|Supplier#000324861|UNITED KINGDOM|  6949821|Manufacturer#2|f766kMmiKcIPmYlTW...|33-423-936-9123|ironic pearls nag...|
|  9582.49|Supplier#000220674|       ROMANIA|  9845616|Manufacturer#1|eQjgYCBV76KhIJ8Yo...|29-294-880-2264|blithely among th...|
|  9365.92|Supplier#000091785|        FRANCE|  5091784|Manufacturer#1|JegsQoX8FeqtAisia...|16-764-556-9626|ts along the sile...|
|  7373.17|Supplier#000386599|       ROMANIA|  9261580|Manufacturer#2|,8uEfdQ7FjFaxJqQb...|29-395-915-3015|yly express, spec...|
|  5920.99|Supplier#000475638|       GERMANY|  9100583|Manufacturer#2|  ret4gQJNm2yuz KJd |17-867-676-6525|es sleep carefull...|
|  2371.94|Supplier#000285602|        RUSSIA|   285601|Manufacturer#4|     KtTrpyi79EyHgpo|32-259-929-5131|ccounts. even, ir...|
|   807.13|Supplier#000228653|       ROMANIA|  8478620|Manufacturer#2|AKRe7NA4aee7sWRDn...|29-107-751-4910|es affix blithely...|
|  2036.98|Supplier#000195004|        FRANCE|  6069991|Manufacturer#1|jeyGx5ulDKbebu9yS...|16-376-168-5545|beans kindle care...|
|  5920.99|Supplier#000475638|       GERMANY|  3725623|Manufacturer#2|  ret4gQJNm2yuz KJd |17-867-676-6525|es sleep carefull...|
|  1698.04|Supplier#000329607|       GERMANY|  1954597|Manufacturer#3|         h FTQkknNOQ|17-986-286-9836|ly packages. even...|
|  8881.18|Supplier#000247396|        FRANCE|  2247395|Manufacturer#1|WEZkx26Nhc7dcVhJa...|16-473-964-2724|sits boost carefu...|
|   437.59|Supplier#000453443|        RUSSIA|  9703404|Manufacturer#5|cOkuk1WcDCChtpJFP...|32-932-116-7141|y final deposits ...|
|  7827.04|Supplier#000453490|        FRANCE|  9453489|Manufacturer#3|JVDjj3CguaJjVrgaL...|16-204-985-5347|t carefully thin ...|
|  7104.42|Supplier#000335202|       ROMANIA|  9335201|Manufacturer#1|    PviOetDsZZii1h1Z|29-155-112-7149|tions-- express a...|
|  -319.07|Supplier#000481424|        FRANCE|  9106369|Manufacturer#1|3 Altr5qWfyf2,U5q...|16-836-768-6549| blithely along t...|
|  3711.33|Supplier#000007240|UNITED KINGDOM|  4882230|Manufacturer#5|ApzTXaYhoCBqijpuu...|33-140-585-2550|uests-- blithely ...|
|  6956.12|Supplier#000274765|UNITED KINGDOM|  1524758|Manufacturer#1|PENfvwj1,G9cAKN,L...|33-228-585-1269|foxes haggle care...|
|  7374.25|Supplier#000043527|       ROMANIA|  1418524|Manufacturer#1|0CcVQksl564eV1z11...|29-368-322-2740|slyly along the r...|
|  1393.88|Supplier#000228233|UNITED KINGDOM|  7978202|Manufacturer#5|        GLHF6ARvgSDs|33-920-444-4448|en, pending dolph...|
+---------+------------------+--------------+---------+--------------+--------------------+---------------+--------------------+
only showing top 20 rows

Runtime:  0:00:00.162010
== Physical Plan ==
*(16) Project [s_acctbal#87, s_name#83, n_name#157, p_partkey#34, p_mfgr#36, s_address#84, s_phone#86, s_comment#88]
+- *(16) BroadcastHashJoin [n_regionkey#158], [r_regionkey#186], Inner, BuildRight, false
   :- *(16) Project [p_partkey#34, p_mfgr#36, s_name#83, s_address#84, s_phone#86, s_acctbal#87, s_comment#88, n_name#157, n_regionkey#158]
   :  +- *(16) BroadcastHashJoin [s_nationkey#85], [n_nationkey#156], Inner, BuildRight, false
   :     :- *(16) Project [p_partkey#34, p_mfgr#36, s_name#83, s_address#84, s_nationkey#85, s_phone#86, s_acctbal#87, s_comment#88]
   :     :  +- *(16) ShuffledHashJoin [ps_suppkey#123], [s_suppkey#82], Inner, BuildRight
   :     :     :- Exchange hashpartitioning(ps_suppkey#123, 200), ENSURE_REQUIREMENTS, [id=#720]
   :     :     :  +- *(12) Project [p_partkey#34, p_mfgr#36, ps_suppkey#123]
   :     :     :     +- *(12) SortMergeJoin [knownfloatingpointnormalized(normalizenanandzero(ps_supplycost#125)), p_partkey#34], [knownfloatingpointnormalized(normalizenanandzero(min(ps_supplycost)#295)), ps_partkey#122#304], Inner
   :     :     :        :- *(4) Sort [knownfloatingpointnormalized(normalizenanandzero(ps_supplycost#125)) ASC NULLS FIRST, p_partkey#34 ASC NULLS FIRST], false, 0
   :     :     :        :  +- Exchange hashpartitioning(knownfloatingpointnormalized(normalizenanandzero(ps_supplycost#125)), p_partkey#34, 200), ENSURE_REQUIREMENTS, [id=#673]
   :     :     :        :     +- *(3) Project [p_partkey#34, p_mfgr#36, ps_suppkey#123, ps_supplycost#125]
   :     :     :        :        +- *(3) ShuffledHashJoin [p_partkey#34], [ps_partkey#122], Inner, BuildLeft
   :     :     :        :           :- Exchange hashpartitioning(p_partkey#34, 200), ENSURE_REQUIREMENTS, [id=#663]
   :     :     :        :           :  +- *(1) Project [p_partkey#34, p_mfgr#36]
   :     :     :        :           :     +- *(1) Filter ((((isnotnull(p_size#39) AND isnotnull(p_type#38)) AND (p_size#39 = 15)) AND EndsWith(p_type#38, BRASS)) AND isnotnull(p_partkey#34))
   :     :     :        :           :        +- FileScan csv [p_partkey#34,p_mfgr#36,p_type#38,p_size#39] Batched: false, DataFilters: [isnotnull(p_size#39), isnotnull(p_type#38), (p_size#39 = 15), EndsWith(p_type#38, BRASS), isnotn..., Format: CSV, Location: InMemoryFileIndex[hdfs://parasilo-11.rennes.grid5000.fr:9000/user/diplomma/data/data50/part.tbl], PartitionFilters: [], PushedFilters: [IsNotNull(p_size), IsNotNull(p_type), EqualTo(p_size,15), StringEndsWith(p_type,BRASS), IsNotNul..., ReadSchema: struct<p_partkey:int,p_mfgr:string,p_type:string,p_size:int>
   :     :     :        :           +- Exchange hashpartitioning(ps_partkey#122, 200), ENSURE_REQUIREMENTS, [id=#668]
   :     :     :        :              +- *(2) Filter ((isnotnull(ps_partkey#122) AND isnotnull(ps_supplycost#125)) AND isnotnull(ps_suppkey#123))
   :     :     :        :                 +- FileScan csv [ps_partkey#122,ps_suppkey#123,ps_supplycost#125] Batched: false, DataFilters: [isnotnull(ps_partkey#122), isnotnull(ps_supplycost#125), isnotnull(ps_suppkey#123)], Format: CSV, Location: InMemoryFileIndex[hdfs://parasilo-11.rennes.grid5000.fr:9000/user/diplomma/data/data50/partsupp.tbl], PartitionFilters: [], PushedFilters: [IsNotNull(ps_partkey), IsNotNull(ps_supplycost), IsNotNull(ps_suppkey)], ReadSchema: struct<ps_partkey:int,ps_suppkey:int,ps_supplycost:double>
   :     :     :        +- *(11) Sort [knownfloatingpointnormalized(normalizenanandzero(min(ps_supplycost)#295)) ASC NULLS FIRST, ps_partkey#122#304 ASC NULLS FIRST], false, 0
   :     :     :           +- Exchange hashpartitioning(knownfloatingpointnormalized(normalizenanandzero(min(ps_supplycost)#295)), ps_partkey#122#304, 200), ENSURE_REQUIREMENTS, [id=#712]
   :     :     :              +- *(10) Filter isnotnull(min(ps_supplycost)#295)
   :     :     :                 +- *(10) HashAggregate(keys=[ps_partkey#122], functions=[min(ps_supplycost#125)])
   :     :     :                    +- Exchange hashpartitioning(ps_partkey#122, 200), ENSURE_REQUIREMENTS, [id=#707]
   :     :     :                       +- *(9) HashAggregate(keys=[ps_partkey#122], functions=[partial_min(ps_supplycost#125)])
   :     :     :                          +- *(9) Project [ps_partkey#122, ps_supplycost#125]
   :     :     :                             +- *(9) BroadcastHashJoin [n_regionkey#158], [r_regionkey#186], Inner, BuildRight, false
   :     :     :                                :- *(9) Project [ps_partkey#122, ps_supplycost#125, n_regionkey#158]
   :     :     :                                :  +- *(9) BroadcastHashJoin [s_nationkey#85], [n_nationkey#156], Inner, BuildRight, false
   :     :     :                                :     :- *(9) Project [ps_partkey#122, ps_supplycost#125, s_nationkey#85]
   :     :     :                                :     :  +- *(9) ShuffledHashJoin [ps_suppkey#123], [s_suppkey#82], Inner, BuildRight
   :     :     :                                :     :     :- Exchange hashpartitioning(ps_suppkey#123, 200), ENSURE_REQUIREMENTS, [id=#681]
   :     :     :                                :     :     :  +- *(5) Filter (isnotnull(ps_suppkey#123) AND isnotnull(ps_partkey#122))
   :     :     :                                :     :     :     +- FileScan csv [ps_partkey#122,ps_suppkey#123,ps_supplycost#125] Batched: false, DataFilters: [isnotnull(ps_suppkey#123), isnotnull(ps_partkey#122)], Format: CSV, Location: InMemoryFileIndex[hdfs://parasilo-11.rennes.grid5000.fr:9000/user/diplomma/data/data50/partsupp.tbl], PartitionFilters: [], PushedFilters: [IsNotNull(ps_suppkey), IsNotNull(ps_partkey)], ReadSchema: struct<ps_partkey:int,ps_suppkey:int,ps_supplycost:double>
   :     :     :                                :     :     +- Exchange hashpartitioning(s_suppkey#82, 200), ENSURE_REQUIREMENTS, [id=#686]
   :     :     :                                :     :        +- *(6) Filter (isnotnull(s_suppkey#82) AND isnotnull(s_nationkey#85))
   :     :     :                                :     :           +- FileScan csv [s_suppkey#82,s_nationkey#85] Batched: false, DataFilters: [isnotnull(s_suppkey#82), isnotnull(s_nationkey#85)], Format: CSV, Location: InMemoryFileIndex[hdfs://parasilo-11.rennes.grid5000.fr:9000/user/diplomma/data/data50/supplier.tbl], PartitionFilters: [], PushedFilters: [IsNotNull(s_suppkey), IsNotNull(s_nationkey)], ReadSchema: struct<s_suppkey:int,s_nationkey:int>
   :     :     :                                :     +- BroadcastExchange HashedRelationBroadcastMode(List(cast(input[0, int, false] as bigint)),false), [id=#693]
   :     :     :                                :        +- *(7) Filter (isnotnull(n_nationkey#156) AND isnotnull(n_regionkey#158))
   :     :     :                                :           +- FileScan csv [n_nationkey#156,n_regionkey#158] Batched: false, DataFilters: [isnotnull(n_nationkey#156), isnotnull(n_regionkey#158)], Format: CSV, Location: InMemoryFileIndex[hdfs://parasilo-11.rennes.grid5000.fr:9000/user/diplomma/data/data50/nation.tbl], PartitionFilters: [], PushedFilters: [IsNotNull(n_nationkey), IsNotNull(n_regionkey)], ReadSchema: struct<n_nationkey:int,n_regionkey:int>
   :     :     :                                +- BroadcastExchange HashedRelationBroadcastMode(List(cast(input[0, int, true] as bigint)),false), [id=#701]
   :     :     :                                   +- *(8) Project [r_regionkey#186]
   :     :     :                                      +- *(8) Filter ((isnotnull(r_name#187) AND (r_name#187 = EUROPE)) AND isnotnull(r_regionkey#186))
   :     :     :                                         +- FileScan csv [r_regionkey#186,r_name#187] Batched: false, DataFilters: [isnotnull(r_name#187), (r_name#187 = EUROPE), isnotnull(r_regionkey#186)], Format: CSV, Location: InMemoryFileIndex[hdfs://parasilo-11.rennes.grid5000.fr:9000/user/diplomma/data/data50/region.tbl], PartitionFilters: [], PushedFilters: [IsNotNull(r_name), EqualTo(r_name,EUROPE), IsNotNull(r_regionkey)], ReadSchema: struct<r_regionkey:int,r_name:string>
   :     :     +- Exchange hashpartitioning(s_suppkey#82, 200), ENSURE_REQUIREMENTS, [id=#725]
   :     :        +- *(13) Filter (isnotnull(s_suppkey#82) AND isnotnull(s_nationkey#85))
   :     :           +- FileScan csv [s_suppkey#82,s_name#83,s_address#84,s_nationkey#85,s_phone#86,s_acctbal#87,s_comment#88] Batched: false, DataFilters: [isnotnull(s_suppkey#82), isnotnull(s_nationkey#85)], Format: CSV, Location: InMemoryFileIndex[hdfs://parasilo-11.rennes.grid5000.fr:9000/user/diplomma/data/data50/supplier.tbl], PartitionFilters: [], PushedFilters: [IsNotNull(s_suppkey), IsNotNull(s_nationkey)], ReadSchema: struct<s_suppkey:int,s_name:string,s_address:string,s_nationkey:int,s_phone:string,s_acctbal:doub...
   :     +- BroadcastExchange HashedRelationBroadcastMode(List(cast(input[0, int, false] as bigint)),false), [id=#732]
   :        +- *(14) Filter (isnotnull(n_nationkey#156) AND isnotnull(n_regionkey#158))
   :           +- FileScan csv [n_nationkey#156,n_name#157,n_regionkey#158] Batched: false, DataFilters: [isnotnull(n_nationkey#156), isnotnull(n_regionkey#158)], Format: CSV, Location: InMemoryFileIndex[hdfs://parasilo-11.rennes.grid5000.fr:9000/user/diplomma/data/data50/nation.tbl], PartitionFilters: [], PushedFilters: [IsNotNull(n_nationkey), IsNotNull(n_regionkey)], ReadSchema: struct<n_nationkey:int,n_name:string,n_regionkey:int>
   +- ReusedExchange [r_regionkey#186], BroadcastExchange HashedRelationBroadcastMode(List(cast(input[0, int, true] as bigint)),false), [id=#701]


Region partitions:  1
Nation partitions:  1
Part partitions:  12
Partsupp partitions:  46
Supplier partitions:  12
