We are here
+---------+------------------+--------------+---------+--------------+--------------------+---------------+--------------------+
|s_acctbal|            s_name|        n_name|p_partkey|        p_mfgr|           s_address|        s_phone|           s_comment|
+---------+------------------+--------------+---------+--------------+--------------------+---------------+--------------------+
|  9173.48|Supplier#000018498|        RUSSIA|  3143479|Manufacturer#4| gUD2S53g1mDXktyuHUC|32-252-377-3899|sits. fluffily ev...|
|   4332.9|Supplier#000474564|UNITED KINGDOM|   349563|Manufacturer#4|  uH89bzaiacG,bDwRPX|33-733-265-9697|le slyly around t...|
|  -546.09|Supplier#000251353|       ROMANIA|  6251352|Manufacturer#5|88sqV7ungQfFz3taZ...|29-903-452-8829|onic accounts sle...|
|  7300.09|Supplier#000137055|UNITED KINGDOM|  9512035|Manufacturer#4|  Xz3 U4hgzGc4J4SIlb|33-479-970-6600|c deposits. caref...|
|  9212.07|Supplier#000044906|        RUSSIA|  4544905|Manufacturer#2|          LUgsKiaIqC|32-346-797-4429|ke regular reques...|
|  3511.52|Supplier#000494631|UNITED KINGDOM|  9494630|Manufacturer#5|         YhWKRUjATz4|33-468-585-8486|ickly. furiously ...|
|  5479.38|Supplier#000327888|        RUSSIA|  2577877|Manufacturer#1|Lov,J4,pbz1QXk86 ...|32-258-746-5461|ular requests boo...|
|  1018.64|Supplier#000324861|UNITED KINGDOM|  6949821|Manufacturer#2|f766kMmiKcIPmYlTW...|33-423-936-9123|ironic pearls nag...|
|  9582.49|Supplier#000220674|       ROMANIA|  9845616|Manufacturer#1|eQjgYCBV76KhIJ8Yo...|29-294-880-2264|blithely among th...|
|  1952.47|Supplier#000101094|       ROMANIA|  5726060|Manufacturer#1|b0dC1q5 7umE6lkxO...|29-265-944-6159|ironic requests h...|
|  5888.02|Supplier#000260195|       GERMANY|  9385140|Manufacturer#4|bzDGp6fGAhsh7YXQ9...|17-992-914-6114|auternes after th...|
|  6552.98|Supplier#000040574|        FRANCE|  9790535|Manufacturer#3|ekV0zMEgi4n86jneU...|16-314-655-2835|s haggle alongsid...|
|  7600.98|Supplier#000341531|UNITED KINGDOM|  8216514|Manufacturer#2|XbZxXtNLhYOkfz3Mt...|33-241-333-7394|en theodolites. q...|
|   148.49|Supplier#000153236|       ROMANIA|  3403223|Manufacturer#5|DvN KHve8BszwmVb,...|29-661-143-4450|ss the final theo...|
|   195.39|Supplier#000062015|       ROMANIA|   687011|Manufacturer#2|  B7h,0A7tDBxhLR9KZ3|29-950-522-7483| affix furiously....|
|   130.73|Supplier#000190387|       GERMANY|  4815359|Manufacturer#2|RGIMBSVhk9lhRIHfV...|17-895-455-9470|nusual, brave ins...|
|  1072.93|Supplier#000406893|        FRANCE|  3656878|Manufacturer#4|         6VArEnfV,cp|16-107-765-8898|onic requests hag...|
|  -319.07|Supplier#000481424|        FRANCE|  9106369|Manufacturer#1|3 Altr5qWfyf2,U5q...|16-836-768-6549| blithely along t...|
|  3711.33|Supplier#000007240|UNITED KINGDOM|  4882230|Manufacturer#5|ApzTXaYhoCBqijpuu...|33-140-585-2550|uests-- blithely ...|
|  4923.67|Supplier#000056110|       ROMANIA|   181109|Manufacturer#3|8L,jtJYQaJajwxxhA...|29-819-840-4755|e carefully ironi...|
+---------+------------------+--------------+---------+--------------+--------------------+---------------+--------------------+
only showing top 20 rows

Runtime:  0:00:00.197582
== Physical Plan ==
*(16) Project [s_acctbal#87, s_name#83, n_name#157, p_partkey#34, p_mfgr#36, s_address#84, s_phone#86, s_comment#88]
+- *(16) BroadcastHashJoin [n_regionkey#158], [r_regionkey#186], Inner, BuildRight, false
   :- *(16) Project [p_partkey#34, p_mfgr#36, s_name#83, s_address#84, s_phone#86, s_acctbal#87, s_comment#88, n_name#157, n_regionkey#158]
   :  +- *(16) BroadcastHashJoin [s_nationkey#85], [n_nationkey#156], Inner, BuildRight, false
   :     :- *(16) Project [p_partkey#34, p_mfgr#36, s_name#83, s_address#84, s_nationkey#85, s_phone#86, s_acctbal#87, s_comment#88]
   :     :  +- *(16) ShuffledHashJoin [ps_suppkey#123], [s_suppkey#82], Inner, BuildRight
   :     :     :- Exchange hashpartitioning(ps_suppkey#123, 200), ENSURE_REQUIREMENTS, [id=#720]
   :     :     :  +- *(12) Project [p_partkey#34, p_mfgr#36, ps_suppkey#123]
   :     :     :     +- *(12) SortMergeJoin [knownfloatingpointnormalized(normalizenanandzero(ps_supplycost#125)), p_partkey#34], [knownfloatingpointnormalized(normalizenanandzero(min(ps_supplycost)#295)), ps_partkey#122#304], Inner
   :     :     :        :- *(4) Sort [knownfloatingpointnormalized(normalizenanandzero(ps_supplycost#125)) ASC NULLS FIRST, p_partkey#34 ASC NULLS FIRST], false, 0
   :     :     :        :  +- Exchange hashpartitioning(knownfloatingpointnormalized(normalizenanandzero(ps_supplycost#125)), p_partkey#34, 200), ENSURE_REQUIREMENTS, [id=#673]
   :     :     :        :     +- *(3) Project [p_partkey#34, p_mfgr#36, ps_suppkey#123, ps_supplycost#125]
   :     :     :        :        +- *(3) ShuffledHashJoin [p_partkey#34], [ps_partkey#122], Inner, BuildLeft
   :     :     :        :           :- Exchange hashpartitioning(p_partkey#34, 200), ENSURE_REQUIREMENTS, [id=#663]
   :     :     :        :           :  +- *(1) Project [p_partkey#34, p_mfgr#36]
   :     :     :        :           :     +- *(1) Filter ((((isnotnull(p_size#39) AND isnotnull(p_type#38)) AND (p_size#39 = 15)) AND EndsWith(p_type#38, BRASS)) AND isnotnull(p_partkey#34))
   :     :     :        :           :        +- FileScan csv [p_partkey#34,p_mfgr#36,p_type#38,p_size#39] Batched: false, DataFilters: [isnotnull(p_size#39), isnotnull(p_type#38), (p_size#39 = 15), EndsWith(p_type#38, BRASS), isnotn..., Format: CSV, Location: InMemoryFileIndex[hdfs://parasilo-11.rennes.grid5000.fr:9000/user/diplomma/data/data50/part.tbl], PartitionFilters: [], PushedFilters: [IsNotNull(p_size), IsNotNull(p_type), EqualTo(p_size,15), StringEndsWith(p_type,BRASS), IsNotNul..., ReadSchema: struct<p_partkey:int,p_mfgr:string,p_type:string,p_size:int>
   :     :     :        :           +- Exchange hashpartitioning(ps_partkey#122, 200), ENSURE_REQUIREMENTS, [id=#668]
   :     :     :        :              +- *(2) Filter ((isnotnull(ps_partkey#122) AND isnotnull(ps_supplycost#125)) AND isnotnull(ps_suppkey#123))
   :     :     :        :                 +- FileScan csv [ps_partkey#122,ps_suppkey#123,ps_supplycost#125] Batched: false, DataFilters: [isnotnull(ps_partkey#122), isnotnull(ps_supplycost#125), isnotnull(ps_suppkey#123)], Format: CSV, Location: InMemoryFileIndex[hdfs://parasilo-11.rennes.grid5000.fr:9000/user/diplomma/data/data50/partsupp.tbl], PartitionFilters: [], PushedFilters: [IsNotNull(ps_partkey), IsNotNull(ps_supplycost), IsNotNull(ps_suppkey)], ReadSchema: struct<ps_partkey:int,ps_suppkey:int,ps_supplycost:double>
   :     :     :        +- *(11) Sort [knownfloatingpointnormalized(normalizenanandzero(min(ps_supplycost)#295)) ASC NULLS FIRST, ps_partkey#122#304 ASC NULLS FIRST], false, 0
   :     :     :           +- Exchange hashpartitioning(knownfloatingpointnormalized(normalizenanandzero(min(ps_supplycost)#295)), ps_partkey#122#304, 200), ENSURE_REQUIREMENTS, [id=#712]
   :     :     :              +- *(10) Filter isnotnull(min(ps_supplycost)#295)
   :     :     :                 +- *(10) HashAggregate(keys=[ps_partkey#122], functions=[min(ps_supplycost#125)])
   :     :     :                    +- Exchange hashpartitioning(ps_partkey#122, 200), ENSURE_REQUIREMENTS, [id=#707]
   :     :     :                       +- *(9) HashAggregate(keys=[ps_partkey#122], functions=[partial_min(ps_supplycost#125)])
   :     :     :                          +- *(9) Project [ps_partkey#122, ps_supplycost#125]
   :     :     :                             +- *(9) BroadcastHashJoin [n_regionkey#158], [r_regionkey#186], Inner, BuildRight, false
   :     :     :                                :- *(9) Project [ps_partkey#122, ps_supplycost#125, n_regionkey#158]
   :     :     :                                :  +- *(9) BroadcastHashJoin [s_nationkey#85], [n_nationkey#156], Inner, BuildRight, false
   :     :     :                                :     :- *(9) Project [ps_partkey#122, ps_supplycost#125, s_nationkey#85]
   :     :     :                                :     :  +- *(9) ShuffledHashJoin [ps_suppkey#123], [s_suppkey#82], Inner, BuildRight
   :     :     :                                :     :     :- Exchange hashpartitioning(ps_suppkey#123, 200), ENSURE_REQUIREMENTS, [id=#681]
   :     :     :                                :     :     :  +- *(5) Filter (isnotnull(ps_suppkey#123) AND isnotnull(ps_partkey#122))
   :     :     :                                :     :     :     +- FileScan csv [ps_partkey#122,ps_suppkey#123,ps_supplycost#125] Batched: false, DataFilters: [isnotnull(ps_suppkey#123), isnotnull(ps_partkey#122)], Format: CSV, Location: InMemoryFileIndex[hdfs://parasilo-11.rennes.grid5000.fr:9000/user/diplomma/data/data50/partsupp.tbl], PartitionFilters: [], PushedFilters: [IsNotNull(ps_suppkey), IsNotNull(ps_partkey)], ReadSchema: struct<ps_partkey:int,ps_suppkey:int,ps_supplycost:double>
   :     :     :                                :     :     +- Exchange hashpartitioning(s_suppkey#82, 200), ENSURE_REQUIREMENTS, [id=#686]
   :     :     :                                :     :        +- *(6) Filter (isnotnull(s_suppkey#82) AND isnotnull(s_nationkey#85))
   :     :     :                                :     :           +- FileScan csv [s_suppkey#82,s_nationkey#85] Batched: false, DataFilters: [isnotnull(s_suppkey#82), isnotnull(s_nationkey#85)], Format: CSV, Location: InMemoryFileIndex[hdfs://parasilo-11.rennes.grid5000.fr:9000/user/diplomma/data/data50/supplier.tbl], PartitionFilters: [], PushedFilters: [IsNotNull(s_suppkey), IsNotNull(s_nationkey)], ReadSchema: struct<s_suppkey:int,s_nationkey:int>
   :     :     :                                :     +- BroadcastExchange HashedRelationBroadcastMode(List(cast(input[0, int, false] as bigint)),false), [id=#693]
   :     :     :                                :        +- *(7) Filter (isnotnull(n_nationkey#156) AND isnotnull(n_regionkey#158))
   :     :     :                                :           +- FileScan csv [n_nationkey#156,n_regionkey#158] Batched: false, DataFilters: [isnotnull(n_nationkey#156), isnotnull(n_regionkey#158)], Format: CSV, Location: InMemoryFileIndex[hdfs://parasilo-11.rennes.grid5000.fr:9000/user/diplomma/data/data50/nation.tbl], PartitionFilters: [], PushedFilters: [IsNotNull(n_nationkey), IsNotNull(n_regionkey)], ReadSchema: struct<n_nationkey:int,n_regionkey:int>
   :     :     :                                +- BroadcastExchange HashedRelationBroadcastMode(List(cast(input[0, int, true] as bigint)),false), [id=#701]
   :     :     :                                   +- *(8) Project [r_regionkey#186]
   :     :     :                                      +- *(8) Filter ((isnotnull(r_name#187) AND (r_name#187 = EUROPE)) AND isnotnull(r_regionkey#186))
   :     :     :                                         +- FileScan csv [r_regionkey#186,r_name#187] Batched: false, DataFilters: [isnotnull(r_name#187), (r_name#187 = EUROPE), isnotnull(r_regionkey#186)], Format: CSV, Location: InMemoryFileIndex[hdfs://parasilo-11.rennes.grid5000.fr:9000/user/diplomma/data/data50/region.tbl], PartitionFilters: [], PushedFilters: [IsNotNull(r_name), EqualTo(r_name,EUROPE), IsNotNull(r_regionkey)], ReadSchema: struct<r_regionkey:int,r_name:string>
   :     :     +- Exchange hashpartitioning(s_suppkey#82, 200), ENSURE_REQUIREMENTS, [id=#725]
   :     :        +- *(13) Filter (isnotnull(s_suppkey#82) AND isnotnull(s_nationkey#85))
   :     :           +- FileScan csv [s_suppkey#82,s_name#83,s_address#84,s_nationkey#85,s_phone#86,s_acctbal#87,s_comment#88] Batched: false, DataFilters: [isnotnull(s_suppkey#82), isnotnull(s_nationkey#85)], Format: CSV, Location: InMemoryFileIndex[hdfs://parasilo-11.rennes.grid5000.fr:9000/user/diplomma/data/data50/supplier.tbl], PartitionFilters: [], PushedFilters: [IsNotNull(s_suppkey), IsNotNull(s_nationkey)], ReadSchema: struct<s_suppkey:int,s_name:string,s_address:string,s_nationkey:int,s_phone:string,s_acctbal:doub...
   :     +- BroadcastExchange HashedRelationBroadcastMode(List(cast(input[0, int, false] as bigint)),false), [id=#732]
   :        +- *(14) Filter (isnotnull(n_nationkey#156) AND isnotnull(n_regionkey#158))
   :           +- FileScan csv [n_nationkey#156,n_name#157,n_regionkey#158] Batched: false, DataFilters: [isnotnull(n_nationkey#156), isnotnull(n_regionkey#158)], Format: CSV, Location: InMemoryFileIndex[hdfs://parasilo-11.rennes.grid5000.fr:9000/user/diplomma/data/data50/nation.tbl], PartitionFilters: [], PushedFilters: [IsNotNull(n_nationkey), IsNotNull(n_regionkey)], ReadSchema: struct<n_nationkey:int,n_name:string,n_regionkey:int>
   +- ReusedExchange [r_regionkey#186], BroadcastExchange HashedRelationBroadcastMode(List(cast(input[0, int, true] as bigint)),false), [id=#701]


Region partitions:  1
Nation partitions:  1
Part partitions:  10
Partsupp partitions:  46
Supplier partitions:  8
