We are here
+----------+------------------+-----------+--------------+
|l_orderkey|           revenue|o_orderdate|o_shippriority|
+----------+------------------+-----------+--------------+
|  73692448|       471406.9264| 1995-03-10|             0|
|  45428128|       465008.1878| 1995-02-09|             0|
|  10725381|463474.51869999996| 1995-03-12|             0|
|  51720326|462037.90050000005| 1995-03-13|             0|
|  31692004|460816.85510000004| 1995-03-10|             0|
|  99055008| 456576.5413999999| 1995-03-07|             0|
| 223437735|       451524.3011| 1995-03-06|             0|
| 142926083|450314.65179999993| 1995-02-21|             0|
| 187603874| 449114.1736999999| 1995-02-23|             0|
| 149995427|       448828.4196| 1995-03-02|             0|
| 288221413|       448405.5663| 1995-02-12|             0|
|  56093985|447026.18429999996| 1995-03-08|             0|
|  71651780|       446008.6686| 1995-01-30|             0|
| 241099140|       444141.1273| 1995-03-12|             0|
| 246870242|441741.86240000004| 1995-03-11|             0|
|  83234500|438774.44879999995| 1995-03-09|             0|
| 224745092|       438461.8436| 1995-03-10|             0|
|  89240837|436925.41300000006| 1995-03-01|             0|
| 107677314|436580.99879999994| 1995-03-07|             0|
| 260693954|       436419.2198| 1995-02-20|             0|
+----------+------------------+-----------+--------------+
only showing top 20 rows

== Physical Plan ==
*(8) Sort [revenue#250 DESC NULLS LAST, o_orderdate#118 ASC NULLS FIRST], true, 0
+- Exchange rangepartitioning(revenue#250 DESC NULLS LAST, o_orderdate#118 ASC NULLS FIRST, 200), ENSURE_REQUIREMENTS, [id=#289]
   +- *(7) HashAggregate(keys=[l_orderkey#48, o_orderdate#118, o_shippriority#121], functions=[sum((l_extendedprice#53 * (1.0 - l_discount#54)))])
      +- *(7) HashAggregate(keys=[l_orderkey#48, o_orderdate#118, o_shippriority#121], functions=[partial_sum((l_extendedprice#53 * (1.0 - l_discount#54)))])
         +- *(7) Project [o_orderdate#118, o_shippriority#121, l_orderkey#48, l_extendedprice#53, l_discount#54]
            +- *(7) SortMergeJoin [o_orderkey#114], [l_orderkey#48], Inner
               :- *(4) Sort [o_orderkey#114 ASC NULLS FIRST], false, 0
               :  +- Exchange hashpartitioning(o_orderkey#114, 200), ENSURE_REQUIREMENTS, [id=#270]
               :     +- *(3) Project [o_orderkey#114, o_orderdate#118, o_shippriority#121]
               :        +- *(3) ShuffledHashJoin [c_custkey#164], [o_custkey#115], Inner, BuildLeft
               :           :- Exchange hashpartitioning(c_custkey#164, 200), ENSURE_REQUIREMENTS, [id=#260]
               :           :  +- *(1) Project [c_custkey#164]
               :           :     +- *(1) Filter ((isnotnull(c_mktsegment#170) AND (c_mktsegment#170 = BUILDING)) AND isnotnull(c_custkey#164))
               :           :        +- FileScan csv [c_custkey#164,c_mktsegment#170] Batched: false, DataFilters: [isnotnull(c_mktsegment#170), (c_mktsegment#170 = BUILDING), isnotnull(c_custkey#164)], Format: CSV, Location: InMemoryFileIndex[hdfs://parasilo-11.rennes.grid5000.fr:9000/user/diplomma/data/data50/customer.tbl], PartitionFilters: [], PushedFilters: [IsNotNull(c_mktsegment), EqualTo(c_mktsegment,BUILDING), IsNotNull(c_custkey)], ReadSchema: struct<c_custkey:int,c_mktsegment:string>
               :           +- Exchange hashpartitioning(o_custkey#115, 200), ENSURE_REQUIREMENTS, [id=#265]
               :              +- *(2) Filter (((isnotnull(o_orderdate#118) AND (cast(o_orderdate#118 as date) < 9204)) AND isnotnull(o_custkey#115)) AND isnotnull(o_orderkey#114))
               :                 +- FileScan csv [o_orderkey#114,o_custkey#115,o_orderdate#118,o_shippriority#121] Batched: false, DataFilters: [isnotnull(o_orderdate#118), (cast(o_orderdate#118 as date) < 9204), isnotnull(o_custkey#115), is..., Format: CSV, Location: InMemoryFileIndex[hdfs://parasilo-11.rennes.grid5000.fr:9000/user/diplomma/data/data50/orders.tbl], PartitionFilters: [], PushedFilters: [IsNotNull(o_orderdate), IsNotNull(o_custkey), IsNotNull(o_orderkey)], ReadSchema: struct<o_orderkey:int,o_custkey:int,o_orderdate:string,o_shippriority:int>
               +- *(6) Sort [l_orderkey#48 ASC NULLS FIRST], false, 0
                  +- Exchange hashpartitioning(l_orderkey#48, 200), ENSURE_REQUIREMENTS, [id=#279]
                     +- *(5) Project [l_orderkey#48, l_extendedprice#53, l_discount#54]
                        +- *(5) Filter ((isnotnull(l_shipdate#58) AND (cast(l_shipdate#58 as date) > 9204)) AND isnotnull(l_orderkey#48))
                           +- FileScan csv [l_orderkey#48,l_extendedprice#53,l_discount#54,l_shipdate#58] Batched: false, DataFilters: [isnotnull(l_shipdate#58), (cast(l_shipdate#58 as date) > 9204), isnotnull(l_orderkey#48)], Format: CSV, Location: InMemoryFileIndex[hdfs://parasilo-11.rennes.grid5000.fr:9000/user/diplomma/data/data50/lineitem.tbl], PartitionFilters: [], PushedFilters: [IsNotNull(l_shipdate), IsNotNull(l_orderkey)], ReadSchema: struct<l_orderkey:int,l_extendedprice:double,l_discount:double,l_shipdate:string>


Partitions no customer orders lineitem 32 66 295
