+--------------------+--------+-----------+
|              p_name| p_brand|ps_availqty|
+--------------------+--------+-----------+
|deep lace seashel...|Brand#51|       1632|
|deep lace seashel...|Brand#51|       9110|
|deep lace seashel...|Brand#51|       4349|
|deep lace seashel...|Brand#51|       6912|
|navajo light oran...|Brand#52|       8461|
|navajo light oran...|Brand#52|       9708|
|navajo light oran...|Brand#52|       3321|
|navajo light oran...|Brand#52|       8957|
|smoke almond pale...|Brand#11|       6496|
|smoke almond pale...|Brand#11|       4903|
|smoke almond pale...|Brand#11|       8258|
|smoke almond pale...|Brand#11|        764|
|floral cornflower...|Brand#31|       8795|
|floral cornflower...|Brand#31|       9142|
|floral cornflower...|Brand#31|        952|
|floral cornflower...|Brand#31|        459|
|sky grey purple k...|Brand#42|       3810|
|sky grey purple k...|Brand#42|       6185|
|sky grey purple k...|Brand#42|       3961|
|sky grey purple k...|Brand#42|       9901|
+--------------------+--------+-----------+
only showing top 20 rows

== Physical Plan ==
*(3) Project [p_name#35, p_brand#37, ps_availqty#80]
+- *(3) ShuffledHashJoin [p_partkey#34], [ps_partkey#78], Inner, BuildLeft
   :- Exchange hashpartitioning(p_partkey#34, 200), ENSURE_REQUIREMENTS, [id=#128]
   :  +- *(1) Project [p_partkey#34, p_name#35, p_brand#37]
   :     +- *(1) Filter ((((isnotnull(p_size#39) AND isnotnull(p_type#38)) AND (p_size#39 = 15)) AND EndsWith(p_type#38, BRASS)) AND isnotnull(p_partkey#34))
   :        +- FileScan csv [p_partkey#34,p_name#35,p_brand#37,p_type#38,p_size#39] Batched: false, DataFilters: [isnotnull(p_size#39), isnotnull(p_type#38), (p_size#39 = 15), EndsWith(p_type#38, BRASS), isnotn..., Format: CSV, Location: InMemoryFileIndex[hdfs://parasilo-10.rennes.grid5000.fr:9000/user/diplomma/data/data10/part.tbl], PartitionFilters: [], PushedFilters: [IsNotNull(p_size), IsNotNull(p_type), EqualTo(p_size,15), StringEndsWith(p_type,BRASS), IsNotNul..., ReadSchema: struct<p_partkey:int,p_name:string,p_brand:string,p_type:string,p_size:int>
   +- Exchange hashpartitioning(ps_partkey#78, 200), ENSURE_REQUIREMENTS, [id=#133]
      +- *(2) Filter isnotnull(ps_partkey#78)
         +- FileScan csv [ps_partkey#78,ps_availqty#80] Batched: false, DataFilters: [isnotnull(ps_partkey#78)], Format: CSV, Location: InMemoryFileIndex[hdfs://parasilo-10.rennes.grid5000.fr:9000/user/diplomma/data/data10/partsupp.tbl], PartitionFilters: [], PushedFilters: [IsNotNull(ps_partkey)], ReadSchema: struct<ps_partkey:int,ps_availqty:int>


Partitions no customer part partsupp 48 48
