+--------------------+--------+-----------+
|              p_name| p_brand|ps_availqty|
+--------------------+--------+-----------+
|sandy maroon khak...|Brand#34|        800|
|sandy maroon khak...|Brand#34|       7991|
|sandy maroon khak...|Brand#34|       5055|
|sandy maroon khak...|Brand#34|       8499|
|antique drab mage...|Brand#12|       3352|
|antique drab mage...|Brand#12|       7429|
|antique drab mage...|Brand#12|       8376|
|antique drab mage...|Brand#12|       5848|
|deep lace seashel...|Brand#51|       1632|
|deep lace seashel...|Brand#51|       9110|
|deep lace seashel...|Brand#51|       4349|
|deep lace seashel...|Brand#51|       6912|
|navajo light oran...|Brand#52|       8461|
|navajo light oran...|Brand#52|       9708|
|navajo light oran...|Brand#52|       3321|
|navajo light oran...|Brand#52|       8957|
|olive dark tomato...|Brand#31|       9751|
|olive dark tomato...|Brand#31|       9600|
|olive dark tomato...|Brand#31|       7012|
|olive dark tomato...|Brand#31|       7059|
+--------------------+--------+-----------+
only showing top 20 rows

== Physical Plan ==
*(3) Project [p_name#35, p_brand#37, ps_availqty#80]
+- *(3) ShuffledHashJoin [p_partkey#34], [ps_partkey#78], Inner, BuildLeft
   :- Exchange hashpartitioning(p_partkey#34, 200), ENSURE_REQUIREMENTS, [id=#128]
   :  +- *(1) Project [p_partkey#34, p_name#35, p_brand#37]
   :     +- *(1) Filter ((((isnotnull(p_size#39) AND isnotnull(p_type#38)) AND (p_size#39 = 15)) AND EndsWith(p_type#38, BRASS)) AND isnotnull(p_partkey#34))
   :        +- FileScan csv [p_partkey#34,p_name#35,p_brand#37,p_type#38,p_size#39] Batched: false, DataFilters: [isnotnull(p_size#39), isnotnull(p_type#38), (p_size#39 = 15), EndsWith(p_type#38, BRASS), isnotn..., Format: CSV, Location: InMemoryFileIndex[hdfs://parasilo-10.rennes.grid5000.fr:9000/user/diplomma/data/data10/part.tbl], PartitionFilters: [], PushedFilters: [IsNotNull(p_size), IsNotNull(p_type), EqualTo(p_size,15), StringEndsWith(p_type,BRASS), IsNotNul..., ReadSchema: struct<p_partkey:int,p_name:string,p_brand:string,p_type:string,p_size:int>
   +- Exchange hashpartitioning(ps_partkey#78, 200), ENSURE_REQUIREMENTS, [id=#133]
      +- *(2) Filter isnotnull(ps_partkey#78)
         +- FileScan csv [ps_partkey#78,ps_availqty#80] Batched: false, DataFilters: [isnotnull(ps_partkey#78)], Format: CSV, Location: InMemoryFileIndex[hdfs://parasilo-10.rennes.grid5000.fr:9000/user/diplomma/data/data10/partsupp.tbl], PartitionFilters: [], PushedFilters: [IsNotNull(ps_partkey)], ReadSchema: struct<ps_partkey:int,ps_availqty:int>


Partitions no customer part partsupp 28 28
