+---------+-----------+--------------+
|c_custkey|o_orderdate|o_shippriority|
+---------+-----------+--------------+
|   166150| 1993-01-03|             0|
|   162473| 1994-04-03|             0|
|    26087| 1992-11-22|             0|
|   823792| 1992-09-22|             0|
|   722735| 1993-01-26|             0|
|   504532| 1993-05-14|             0|
|   292708| 1993-06-29|             0|
|   439283| 1993-11-12|             0|
|   127444| 1993-12-04|             0|
|    67753| 1992-03-18|             0|
|   356230| 1994-04-23|             0|
|  1322669| 1993-05-09|             0|
|   242387| 1992-09-29|             0|
|   909451| 1994-10-06|             0|
|  1258684| 1994-03-12|             0|
|  1043497| 1994-02-02|             0|
|   907516| 1993-05-31|             0|
|   198218| 1992-01-29|             0|
|  1215499| 1994-09-30|             0|
|  1239652| 1993-09-17|             0|
+---------+-----------+--------------+
only showing top 20 rows

== Physical Plan ==
*(3) Project [c_custkey#84, o_orderdate#38, o_shippriority#41]
+- *(3) ShuffledHashJoin [c_custkey#84], [o_custkey#35], Inner, BuildLeft
   :- Exchange hashpartitioning(c_custkey#84, 200), ENSURE_REQUIREMENTS, [id=#128]
   :  +- *(1) Project [c_custkey#84]
   :     +- *(1) Filter ((isnotnull(c_mktsegment#90) AND (c_mktsegment#90 = BUILDING)) AND isnotnull(c_custkey#84))
   :        +- FileScan csv [c_custkey#84,c_mktsegment#90] Batched: false, DataFilters: [isnotnull(c_mktsegment#90), (c_mktsegment#90 = BUILDING), isnotnull(c_custkey#84)], Format: CSV, Location: InMemoryFileIndex[hdfs://parasilo-10.rennes.grid5000.fr:9000/user/diplomma/data/data10/customer.tbl], PartitionFilters: [], PushedFilters: [IsNotNull(c_mktsegment), EqualTo(c_mktsegment,BUILDING), IsNotNull(c_custkey)], ReadSchema: struct<c_custkey:int,c_mktsegment:string>
   +- Exchange hashpartitioning(o_custkey#35, 200), ENSURE_REQUIREMENTS, [id=#133]
      +- *(2) Filter ((isnotnull(o_orderdate#38) AND (cast(o_orderdate#38 as date) < 9204)) AND isnotnull(o_custkey#35))
         +- FileScan csv [o_custkey#35,o_orderdate#38,o_shippriority#41] Batched: false, DataFilters: [isnotnull(o_orderdate#38), (cast(o_orderdate#38 as date) < 9204), isnotnull(o_custkey#35)], Format: CSV, Location: InMemoryFileIndex[hdfs://parasilo-10.rennes.grid5000.fr:9000/user/diplomma/data/data10/orders.tbl], PartitionFilters: [], PushedFilters: [IsNotNull(o_orderdate), IsNotNull(o_custkey)], ReadSchema: struct<o_custkey:int,o_orderdate:string,o_shippriority:int>


Partitions no customer orders 25 25
