+---------+-----------+--------------+
|c_custkey|o_orderdate|o_shippriority|
+---------+-----------+--------------+
|   127444| 1992-02-06|             0|
|   360754| 1992-04-30|             0|
|   655516| 1994-11-05|             0|
|   533980| 1992-09-14|             0|
|   988549| 1994-08-09|             0|
|  1200428| 1994-12-04|             0|
|  1062730| 1992-12-07|             0|
|   193228| 1992-07-11|             0|
|    61793| 1992-04-21|             0|
|   378403| 1993-03-08|             0|
|   133189| 1994-11-25|             0|
|    87338| 1992-03-18|             0|
|   571927| 1994-02-07|             0|
|   800614| 1992-09-14|             0|
|   658891| 1992-04-09|             0|
|  1260695| 1994-06-30|             0|
|   409162| 1993-08-17|             0|
|   571150| 1994-09-01|             0|
|   572983| 1992-12-14|             0|
|   662626| 1992-10-17|             0|
+---------+-----------+--------------+
only showing top 20 rows

== Physical Plan ==
*(3) Project [c_custkey#84, o_orderdate#38, o_shippriority#41]
+- *(3) ShuffledHashJoin [c_custkey#84], [o_custkey#35], Inner, BuildLeft
   :- Exchange hashpartitioning(c_custkey#84, 200), ENSURE_REQUIREMENTS, [id=#128]
   :  +- *(1) Project [c_custkey#84]
   :     +- *(1) Filter ((isnotnull(c_mktsegment#90) AND (c_mktsegment#90 = BUILDING)) AND isnotnull(c_custkey#84))
   :        +- FileScan csv [c_custkey#84,c_mktsegment#90] Batched: false, DataFilters: [isnotnull(c_mktsegment#90), (c_mktsegment#90 = BUILDING), isnotnull(c_custkey#84)], Format: CSV, Location: InMemoryFileIndex[hdfs://parasilo-10.rennes.grid5000.fr:9000/user/diplomma/data/data10/customer.tbl], PartitionFilters: [], PushedFilters: [IsNotNull(c_mktsegment), EqualTo(c_mktsegment,BUILDING), IsNotNull(c_custkey)], ReadSchema: struct<c_custkey:int,c_mktsegment:string>
   +- Exchange hashpartitioning(o_custkey#35, 200), ENSURE_REQUIREMENTS, [id=#133]
      +- *(2) Filter ((isnotnull(o_orderdate#38) AND (cast(o_orderdate#38 as date) < 9204)) AND isnotnull(o_custkey#35))
         +- FileScan csv [o_custkey#35,o_orderdate#38,o_shippriority#41] Batched: false, DataFilters: [isnotnull(o_orderdate#38), (cast(o_orderdate#38 as date) < 9204), isnotnull(o_custkey#35)], Format: CSV, Location: InMemoryFileIndex[hdfs://parasilo-10.rennes.grid5000.fr:9000/user/diplomma/data/data10/orders.tbl], PartitionFilters: [], PushedFilters: [IsNotNull(o_orderdate), IsNotNull(o_custkey)], ReadSchema: struct<o_custkey:int,o_orderdate:string,o_shippriority:int>


Partitions no customer orders 10 14
