+----------+--------------------+
|ps_partkey|               value|
+----------+--------------------+
|    129760|       1.753845686E7|
|    166726|       1.650335392E7|
|    191287|1.6474801969999999E7|
|    161758|       1.610175554E7|
|     34452|       1.598384472E7|
|    139035|       1.590707834E7|
|      9403|1.5451755620000001E7|
|    154358|1.5212937879999999E7|
|     38823|       1.506480286E7|
|     85606|       1.505395715E7|
|     33354|        1.44082974E7|
|    154747|       1.440758068E7|
|     82865|1.4235489780000001E7|
|     76094|       1.409424704E7|
|       222|       1.393777774E7|
|    121271|         1.3908336E7|
|     55221|       1.371612047E7|
|     22819|1.3666434280000001E7|
|     76281|       1.364685368E7|
|     85298|       1.358115493E7|
+----------+--------------------+
only showing top 20 rows

