+------------------+---------+----------+-----------+------------+---------------+
|            c_name|c_custkey|o_orderkey|o_orderdate|o_totalprice|sum(l_quantity)|
+------------------+---------+----------+-----------+------------+---------------+
|Customer#000128120|   128120|   4722021| 1994-04-07|   544089.09|          323.0|
|Customer#000144617|   144617|   3043270| 1997-02-12|   530604.44|          317.0|
|Customer#000013940|    13940|   2232932| 1997-04-13|   522720.61|          304.0|
|Customer#000066790|    66790|   2199712| 1996-09-30|   515531.82|          327.0|
|Customer#000046435|    46435|   4745607| 1997-07-03|   508047.99|          309.0|
|Customer#000015272|    15272|   3883783| 1993-07-28|   500241.33|          302.0|
|Customer#000146608|   146608|   3342468| 1994-06-12|   499794.58|          303.0|
|Customer#000096103|    96103|   5984582| 1992-03-16|   494398.79|          312.0|
|Customer#000024341|    24341|   1474818| 1992-11-15|   491348.26|          302.0|
|Customer#000137446|   137446|   5489475| 1997-05-23|   487763.25|          311.0|
|Customer#000107590|   107590|   4267751| 1994-11-04|   485141.38|          301.0|
|Customer#000050008|    50008|   2366755| 1996-12-09|   483891.26|          302.0|
|Customer#000015619|    15619|   3767271| 1996-08-07|   480083.96|          318.0|
|Customer#000077260|    77260|   1436544| 1992-09-12|   479499.43|          307.0|
|Customer#000109379|   109379|   5746311| 1996-10-10|   478064.11|          302.0|
|Customer#000054602|    54602|   5832321| 1997-02-09|   471220.08|          307.0|
|Customer#000105995|   105995|   2096705| 1994-07-03|   469692.58|          307.0|
|Customer#000148885|   148885|   2942469| 1992-05-31|   469630.44|          313.0|
|Customer#000114586|   114586|    551136| 1993-05-19|   469605.59|          308.0|
|Customer#000105260|   105260|   5296167| 1996-09-06|   469360.57|          303.0|
+------------------+---------+----------+-----------+------------+---------------+
only showing top 20 rows

