+---------+------------------+--------------+---------+--------------+--------------------+---------------+--------------------+
|s_acctbal|            s_name|        n_name|p_partkey|        p_mfgr|           s_address|        s_phone|           s_comment|
+---------+------------------+--------------+---------+--------------+--------------------+---------------+--------------------+
|  9938.53|Supplier#000005359|UNITED KINGDOM|   185358|Manufacturer#4|QKuHYh,vZGiwu2FWE...|33-429-790-6131|uriously regular ...|
|  9937.84|Supplier#000005969|       ROMANIA|   108438|Manufacturer#1|ANDENSOSmk,miq23X...|29-520-692-3537|efully express in...|
|  9936.22|Supplier#000005250|UNITED KINGDOM|      249|Manufacturer#4|B3rqp0xbSEim4Mpy2...|33-320-228-2957|etect about the f...|
|  9923.77|Supplier#000002324|       GERMANY|    29821|Manufacturer#4|        y3OD9UywSTOk|17-779-299-1839|ackages boost bli...|
|  9871.22|Supplier#000006373|       GERMANY|    43868|Manufacturer#5|          J8fcXWsTqM|17-813-485-8637|etect blithely bo...|
|  9870.78|Supplier#000001286|       GERMANY|    81285|Manufacturer#2|YKA,E2fjiVd7eUrzp...|17-516-924-4574| regular accounts...|
|  9870.78|Supplier#000001286|       GERMANY|   181285|Manufacturer#4|YKA,E2fjiVd7eUrzp...|17-516-924-4574| regular accounts...|
|  9852.52|Supplier#000008973|        RUSSIA|    18972|Manufacturer#2|t5L67YdBYYH6o,Vz2...|32-188-594-7038|rns wake final fo...|
|  9847.83|Supplier#000008097|        RUSSIA|   130557|Manufacturer#2|   xMe97bpE69NzdwLoX|32-375-640-3593| the special excu...|
|  9847.57|Supplier#000006345|        FRANCE|    86344|Manufacturer#1|VSt3rzk3qG698u6ld...|16-886-766-7945|ges. slyly regula...|
|  9847.57|Supplier#000006345|        FRANCE|   173827|Manufacturer#2|VSt3rzk3qG698u6ld...|16-886-766-7945|ges. slyly regula...|
|  9836.93|Supplier#000007342|        RUSSIA|     4841|Manufacturer#4|   JOlK7C1,7xrEZSSOw|32-399-414-5385|blithely carefull...|
|   9817.1|Supplier#000002352|        RUSSIA|   124815|Manufacturer#2|4LfoHUZjgjEbAKw T...|32-551-831-1437|wake carefully al...|
|   9817.1|Supplier#000002352|        RUSSIA|   152351|Manufacturer#3|4LfoHUZjgjEbAKw T...|32-551-831-1437|wake carefully al...|
|  9739.86|Supplier#000003384|        FRANCE|   138357|Manufacturer#2|o,Z3v4POifevE k9U...|16-494-913-5925|s after the furio...|
|  9721.95|Supplier#000008757|UNITED KINGDOM|   156241|Manufacturer#3|         Atg6GnM4dT2|33-821-407-2995|eep furiously sau...|
|  9681.33|Supplier#000008406|        RUSSIA|    78405|Manufacturer#1|          ,qUuXcftUl|32-139-873-8571|haggle slyly regu...|
|  9643.55|Supplier#000005148|       ROMANIA|   107617|Manufacturer#1|kT4ciVFslx9z4s79p...|29-252-617-4850|final excuses. fi...|
|  9624.82|Supplier#000001816|        FRANCE|    34306|Manufacturer#3|e7vab91vLJPWxxZne...|16-392-237-6726|e packages are ar...|
|  9624.78|Supplier#000009658|       ROMANIA|   189657|Manufacturer#1|oE9uBgEfSS4opIcep...|29-748-876-2014|ronic asymptotes ...|
+---------+------------------+--------------+---------+--------------+--------------------+---------------+--------------------+
only showing top 20 rows

