+------------------+--------------------+
|            s_name|           s_address|
+------------------+--------------------+
|Supplier#000000020|iybAE,RmTymrZVYaF...|
|Supplier#000000091|YV45D7TkfdQanOOZ7...|
|Supplier#000000205|        rF uV8d0JNEk|
|Supplier#000000285|Br7e1nnt1yxrw6Img...|
|Supplier#000000287|   7a9SP7qW5Yku5PvSg|
|Supplier#000000354|          w8fOo5W,aS|
|Supplier#000000378|  FfbhyCxWvcPrO8ltp9|
|Supplier#000000402|i9Sw4DoyMhzhKXCH9...|
|Supplier#000000530|0qwCMwobKY OcmLyf...|
|Supplier#000000555|TfB,a5bfl3Ah 3Z 7...|
|Supplier#000000640|mvvtlQKsTOsJj5Ihk...|
|Supplier#000000729|pqck2ppy758TQpZCU...|
|Supplier#000000736|l6i2nMwVuovfKnuVg...|
|Supplier#000000761|zlSLelQUj2XrvTTFn...|
|Supplier#000000887| urEaTejH5POADP2ARrf|
|Supplier#000000935|ij98czM 2KzWe7dDT...|
|Supplier#000000975|,AC e,tBpNwKb5xMU...|
|Supplier#000001263|rQWr6nf8ZhB2TAiID...|
|Supplier#000001367|42YSkFcAXMMcucsqe...|
|Supplier#000001426|bPOCc086oFm8sLtS,...|
+------------------+--------------------+
only showing top 20 rows

