+----------+------------------+-----------+--------------+
|l_orderkey|           revenue|o_orderdate|o_shippriority|
+----------+------------------+-----------+--------------+
|   2456423|       406181.0111| 1995-03-05|             0|
|   3459808|405838.69889999996| 1995-03-04|             0|
|    492164|        390324.061| 1995-02-19|             0|
|   1188320|       384537.9359| 1995-03-09|             0|
|   2435712|378673.05580000003| 1995-02-26|             0|
|   4878020|       378376.7952| 1995-03-12|             0|
|   5521732|       375153.9215| 1995-03-13|             0|
|   2628192|373133.30939999997| 1995-02-22|             0|
|    993600|       371407.4595| 1995-03-05|             0|
|   2300070| 367371.1452000001| 1995-03-13|             0|
|   1166660|365967.44239999994| 1995-02-27|             0|
|   1083941|       365184.4922| 1995-02-21|             0|
|    405063|       359706.5697| 1995-03-03|             0|
|   4212103|356025.21630000003| 1995-02-14|             0|
|   4232067|       355384.5423| 1995-02-21|             0|
|    817603|       354799.8886| 1995-03-11|             0|
|    408035|351700.17710000003| 1995-03-08|             0|
|   4463334|       350549.0789| 1995-03-14|             0|
|   1546404|       350411.0898| 1995-03-11|             0|
|    345664|347632.92829999997| 1995-03-08|             0|
+----------+------------------+-----------+--------------+
only showing top 20 rows

