+---------+------+--------------------+
|   nation|o_year|          sum_profit|
+---------+------+--------------------+
|  ALGERIA|  1998|2.7136900180299994E7|
|  ALGERIA|  1997| 4.861183349620002E7|
|  ALGERIA|  1996| 4.828548267820004E7|
|  ALGERIA|  1995| 4.440227359989999E7|
|  ALGERIA|  1994| 4.869400806680001E7|
|  ALGERIA|  1993|     4.60442077838E7|
|  ALGERIA|  1992|4.5636849488099985E7|
|ARGENTINA|  1998|2.8341663784799993E7|
|ARGENTINA|  1997| 4.714396411760002E7|
|ARGENTINA|  1996|     4.52552786021E7|
|ARGENTINA|  1995|4.5631769205399975E7|
|ARGENTINA|  1994| 4.826885635469999E7|
|ARGENTINA|  1993| 4.860559361619999E7|
|ARGENTINA|  1992|     4.66542407487E7|
|   BRAZIL|  1998|2.6527736395999987E7|
|   BRAZIL|  1997|4.5640660767699994E7|
|   BRAZIL|  1996|4.5090647163000025E7|
|   BRAZIL|  1995| 4.401588851319997E7|
|   BRAZIL|  1994| 4.485421889320002E7|
|   BRAZIL|  1993| 4.576660373790001E7|
+---------+------+--------------------+
only showing top 20 rows

