+----------+------------------+
|l_orderkey|            s_name|
+----------+------------------+
|   5164932|Supplier#000428598|
|   5164962|Supplier#000092644|
|   5165351|Supplier#000078113|
|   5165575|Supplier#000109800|
|   5165794|Supplier#000190174|
|   5165829|Supplier#000156017|
|   5167493|Supplier#000175201|
|   5167522|Supplier#000091367|
|   5167970|Supplier#000422491|
|   5168451|Supplier#000133948|
|   5168806|Supplier#000311101|
|   5169316|Supplier#000469798|
|   5169476|Supplier#000249443|
|   5170151|Supplier#000114851|
|   5170791|Supplier#000172959|
|   5171072|Supplier#000180282|
|   5171072|Supplier#000120988|
|   5171136|Supplier#000028088|
|   5171235|Supplier#000092644|
|   5171559|Supplier#000427874|
+----------+------------------+
only showing top 20 rows

== Physical Plan ==
*(3) Project [l_orderkey#48, s_name#111]
+- *(3) ShuffledHashJoin [s_suppkey#110], [l_suppkey#50], Inner, BuildLeft
   :- Exchange hashpartitioning(s_suppkey#110, 200), ENSURE_REQUIREMENTS, [id=#127]
   :  +- *(1) Filter isnotnull(s_suppkey#110)
   :     +- FileScan csv [s_suppkey#110,s_name#111] Batched: false, DataFilters: [isnotnull(s_suppkey#110)], Format: CSV, Location: InMemoryFileIndex[hdfs://parasilo-11.rennes.grid5000.fr:9000/user/diplomma/data/data50/supplier.tbl], PartitionFilters: [], PushedFilters: [IsNotNull(s_suppkey)], ReadSchema: struct<s_suppkey:int,s_name:string>
   +- Exchange hashpartitioning(l_suppkey#50, 200), ENSURE_REQUIREMENTS, [id=#133]
      +- *(2) Project [l_orderkey#48, l_suppkey#50]
         +- *(2) Filter ((isnotnull(l_shipdate#58) AND (cast(l_shipdate#58 as date) > 9204)) AND isnotnull(l_suppkey#50))
            +- FileScan csv [l_orderkey#48,l_suppkey#50,l_shipdate#58] Batched: false, DataFilters: [isnotnull(l_shipdate#58), (cast(l_shipdate#58 as date) > 9204), isnotnull(l_suppkey#50)], Format: CSV, Location: InMemoryFileIndex[hdfs://parasilo-11.rennes.grid5000.fr:9000/user/diplomma/data/data50/lineitem.tbl], PartitionFilters: [], PushedFilters: [IsNotNull(l_shipdate), IsNotNull(l_suppkey)], ReadSchema: struct<l_orderkey:int,l_suppkey:int,l_shipdate:string>


Partitions no lineitem supplier 295 16
