+----------+------------------+
|l_orderkey|            s_name|
+----------+------------------+
|  30789504|Supplier#000360668|
|  30789637|Supplier#000349211|
|  30789765|Supplier#000091784|
|  30790049|Supplier#000338173|
|  30790567|Supplier#000075509|
|  30791205|Supplier#000308540|
|  30791617|Supplier#000062680|
|  30792130|Supplier#000386865|
|  30792135|Supplier#000057693|
|  30792418|Supplier#000129153|
|  30793025|Supplier#000175842|
|  30793510|Supplier#000007754|
|  30793632|Supplier#000384788|
|  30793665|Supplier#000356543|
|  30793824|Supplier#000268622|
|  30793861|Supplier#000323027|
|  30793952|Supplier#000413791|
|  30794370|Supplier#000083693|
|  30794496|Supplier#000221743|
|  30794627|Supplier#000454655|
+----------+------------------+
only showing top 20 rows

== Physical Plan ==
*(3) Project [l_orderkey#48, s_name#111]
+- *(3) ShuffledHashJoin [s_suppkey#110], [l_suppkey#50], Inner, BuildLeft
   :- Exchange hashpartitioning(s_suppkey#110, 200), ENSURE_REQUIREMENTS, [id=#127]
   :  +- *(1) Filter isnotnull(s_suppkey#110)
   :     +- FileScan csv [s_suppkey#110,s_name#111] Batched: false, DataFilters: [isnotnull(s_suppkey#110)], Format: CSV, Location: InMemoryFileIndex[hdfs://parasilo-11.rennes.grid5000.fr:9000/user/diplomma/data/data50/supplier.tbl], PartitionFilters: [], PushedFilters: [IsNotNull(s_suppkey)], ReadSchema: struct<s_suppkey:int,s_name:string>
   +- Exchange hashpartitioning(l_suppkey#50, 200), ENSURE_REQUIREMENTS, [id=#133]
      +- *(2) Project [l_orderkey#48, l_suppkey#50]
         +- *(2) Filter ((isnotnull(l_shipdate#58) AND (cast(l_shipdate#58 as date) > 9204)) AND isnotnull(l_suppkey#50))
            +- FileScan csv [l_orderkey#48,l_suppkey#50,l_shipdate#58] Batched: false, DataFilters: [isnotnull(l_shipdate#58), (cast(l_shipdate#58 as date) > 9204), isnotnull(l_suppkey#50)], Format: CSV, Location: InMemoryFileIndex[hdfs://parasilo-11.rennes.grid5000.fr:9000/user/diplomma/data/data50/lineitem.tbl], PartitionFilters: [], PushedFilters: [IsNotNull(l_shipdate), IsNotNull(l_suppkey)], ReadSchema: struct<l_orderkey:int,l_suppkey:int,l_shipdate:string>


Partitions no lineitem supplier 295 18
