We are here
+---------+------------------+--------------+---------+--------------+--------------------+---------------+--------------------+
|s_acctbal|            s_name|        n_name|p_partkey|        p_mfgr|           s_address|        s_phone|           s_comment|
+---------+------------------+--------------+---------+--------------+--------------------+---------------+--------------------+
|   3698.2|Supplier#000116312|       GERMANY|  6866285|Manufacturer#3|MOuX,L8HZzMWHTzc7...|17-904-326-8653|s after the blith...|
|  8595.09|Supplier#000470233|       GERMANY|   470232|Manufacturer#4|       VWkUYNd2EMZXP|17-804-766-3526| the blithely unu...|
|  1682.12|Supplier#000421470|       ROMANIA|  6671443|Manufacturer#5|EC0cmdFDRGBiyKoDD...|29-408-996-5778|gle blithely alwa...|
|  -546.09|Supplier#000251353|       ROMANIA|  6251352|Manufacturer#5|88sqV7ungQfFz3taZ...|29-903-452-8829|onic accounts sle...|
|  7300.09|Supplier#000137055|UNITED KINGDOM|  9512035|Manufacturer#4|  Xz3 U4hgzGc4J4SIlb|33-479-970-6600|c deposits. caref...|
|   6601.9|Supplier#000241660|        RUSSIA|  8491627|Manufacturer#2|         gTfLGW4VpbL|32-420-636-2857|y. carefully even...|
|  1165.27|Supplier#000392476|       ROMANIA|  6642449|Manufacturer#2|KbYYFcQhePaaBHh7E...|29-396-899-6512|d packages sublat...|
|  9212.07|Supplier#000044906|        RUSSIA|  4544905|Manufacturer#2|          LUgsKiaIqC|32-346-797-4429|ke regular reques...|
|  4996.76|Supplier#000379892|UNITED KINGDOM|  6879891|Manufacturer#1|onyRcIRBV5YDzMxbI...|33-414-434-6660| the carefully ev...|
|   3883.5|Supplier#000170948|        FRANCE|  4420931|Manufacturer#5|PF0vZiSDD12ob3nVt...|16-215-963-4846|uffily special de...|
|  1018.64|Supplier#000324861|UNITED KINGDOM|  6949821|Manufacturer#2|f766kMmiKcIPmYlTW...|33-423-936-9123|ironic pearls nag...|
|  9582.49|Supplier#000220674|       ROMANIA|  9845616|Manufacturer#1|eQjgYCBV76KhIJ8Yo...|29-294-880-2264|blithely among th...|
|  -145.89|Supplier#000068135|UNITED KINGDOM|  4568134|Manufacturer#3|vXIPX5C dTMZf9Pzt...|33-907-701-5116| accounts. reques...|
|  -371.48|Supplier#000377210|        FRANCE|  5377209|Manufacturer#4|vUm8CA5fQ3PTYchoX...|16-181-714-7487|hlessly express m...|
|  -532.14|Supplier#000386689|        FRANCE|  7886688|Manufacturer#3|      Cq5,SlCeCnXDTJ|16-223-809-3329| among the even p...|
|  5920.99|Supplier#000475638|       GERMANY|  9100583|Manufacturer#2|  ret4gQJNm2yuz KJd |17-867-676-6525|es sleep carefull...|
|  2371.94|Supplier#000285602|        RUSSIA|   285601|Manufacturer#4|     KtTrpyi79EyHgpo|32-259-929-5131|ccounts. even, ir...|
|  3114.99|Supplier#000209029|        RUSSIA|  8333980|Manufacturer#3|eZLCjvOxIKvLm8t3i...|32-333-976-5300|ronic orbits: bli...|
|   277.11|Supplier#000397470|       GERMANY|  5022439|Manufacturer#2|8qfLfV7ku5Zk RrDr...|17-253-582-3271|jole furiously ag...|
|  2036.98|Supplier#000195004|        FRANCE|  6069991|Manufacturer#1|jeyGx5ulDKbebu9yS...|16-376-168-5545|beans kindle care...|
+---------+------------------+--------------+---------+--------------+--------------------+---------------+--------------------+
only showing top 20 rows

Runtime:  0:00:00.193201
== Physical Plan ==
*(16) Project [s_acctbal#87, s_name#83, n_name#157, p_partkey#34, p_mfgr#36, s_address#84, s_phone#86, s_comment#88]
+- *(16) BroadcastHashJoin [n_regionkey#158], [r_regionkey#186], Inner, BuildRight, false
   :- *(16) Project [p_partkey#34, p_mfgr#36, s_name#83, s_address#84, s_phone#86, s_acctbal#87, s_comment#88, n_name#157, n_regionkey#158]
   :  +- *(16) BroadcastHashJoin [s_nationkey#85], [n_nationkey#156], Inner, BuildRight, false
   :     :- *(16) Project [p_partkey#34, p_mfgr#36, s_name#83, s_address#84, s_nationkey#85, s_phone#86, s_acctbal#87, s_comment#88]
   :     :  +- *(16) ShuffledHashJoin [ps_suppkey#123], [s_suppkey#82], Inner, BuildRight
   :     :     :- Exchange hashpartitioning(ps_suppkey#123, 200), ENSURE_REQUIREMENTS, [id=#720]
   :     :     :  +- *(12) Project [p_partkey#34, p_mfgr#36, ps_suppkey#123]
   :     :     :     +- *(12) SortMergeJoin [knownfloatingpointnormalized(normalizenanandzero(ps_supplycost#125)), p_partkey#34], [knownfloatingpointnormalized(normalizenanandzero(min(ps_supplycost)#295)), ps_partkey#122#304], Inner
   :     :     :        :- *(4) Sort [knownfloatingpointnormalized(normalizenanandzero(ps_supplycost#125)) ASC NULLS FIRST, p_partkey#34 ASC NULLS FIRST], false, 0
   :     :     :        :  +- Exchange hashpartitioning(knownfloatingpointnormalized(normalizenanandzero(ps_supplycost#125)), p_partkey#34, 200), ENSURE_REQUIREMENTS, [id=#673]
   :     :     :        :     +- *(3) Project [p_partkey#34, p_mfgr#36, ps_suppkey#123, ps_supplycost#125]
   :     :     :        :        +- *(3) ShuffledHashJoin [p_partkey#34], [ps_partkey#122], Inner, BuildLeft
   :     :     :        :           :- Exchange hashpartitioning(p_partkey#34, 200), ENSURE_REQUIREMENTS, [id=#663]
   :     :     :        :           :  +- *(1) Project [p_partkey#34, p_mfgr#36]
   :     :     :        :           :     +- *(1) Filter ((((isnotnull(p_size#39) AND isnotnull(p_type#38)) AND (p_size#39 = 15)) AND EndsWith(p_type#38, BRASS)) AND isnotnull(p_partkey#34))
   :     :     :        :           :        +- FileScan csv [p_partkey#34,p_mfgr#36,p_type#38,p_size#39] Batched: false, DataFilters: [isnotnull(p_size#39), isnotnull(p_type#38), (p_size#39 = 15), EndsWith(p_type#38, BRASS), isnotn..., Format: CSV, Location: InMemoryFileIndex[hdfs://parasilo-11.rennes.grid5000.fr:9000/user/diplomma/data/data50/part.tbl], PartitionFilters: [], PushedFilters: [IsNotNull(p_size), IsNotNull(p_type), EqualTo(p_size,15), StringEndsWith(p_type,BRASS), IsNotNul..., ReadSchema: struct<p_partkey:int,p_mfgr:string,p_type:string,p_size:int>
   :     :     :        :           +- Exchange hashpartitioning(ps_partkey#122, 200), ENSURE_REQUIREMENTS, [id=#668]
   :     :     :        :              +- *(2) Filter ((isnotnull(ps_partkey#122) AND isnotnull(ps_supplycost#125)) AND isnotnull(ps_suppkey#123))
   :     :     :        :                 +- FileScan csv [ps_partkey#122,ps_suppkey#123,ps_supplycost#125] Batched: false, DataFilters: [isnotnull(ps_partkey#122), isnotnull(ps_supplycost#125), isnotnull(ps_suppkey#123)], Format: CSV, Location: InMemoryFileIndex[hdfs://parasilo-11.rennes.grid5000.fr:9000/user/diplomma/data/data50/partsupp.tbl], PartitionFilters: [], PushedFilters: [IsNotNull(ps_partkey), IsNotNull(ps_supplycost), IsNotNull(ps_suppkey)], ReadSchema: struct<ps_partkey:int,ps_suppkey:int,ps_supplycost:double>
   :     :     :        +- *(11) Sort [knownfloatingpointnormalized(normalizenanandzero(min(ps_supplycost)#295)) ASC NULLS FIRST, ps_partkey#122#304 ASC NULLS FIRST], false, 0
   :     :     :           +- Exchange hashpartitioning(knownfloatingpointnormalized(normalizenanandzero(min(ps_supplycost)#295)), ps_partkey#122#304, 200), ENSURE_REQUIREMENTS, [id=#712]
   :     :     :              +- *(10) Filter isnotnull(min(ps_supplycost)#295)
   :     :     :                 +- *(10) HashAggregate(keys=[ps_partkey#122], functions=[min(ps_supplycost#125)])
   :     :     :                    +- Exchange hashpartitioning(ps_partkey#122, 200), ENSURE_REQUIREMENTS, [id=#707]
   :     :     :                       +- *(9) HashAggregate(keys=[ps_partkey#122], functions=[partial_min(ps_supplycost#125)])
   :     :     :                          +- *(9) Project [ps_partkey#122, ps_supplycost#125]
   :     :     :                             +- *(9) BroadcastHashJoin [n_regionkey#158], [r_regionkey#186], Inner, BuildRight, false
   :     :     :                                :- *(9) Project [ps_partkey#122, ps_supplycost#125, n_regionkey#158]
   :     :     :                                :  +- *(9) BroadcastHashJoin [s_nationkey#85], [n_nationkey#156], Inner, BuildRight, false
   :     :     :                                :     :- *(9) Project [ps_partkey#122, ps_supplycost#125, s_nationkey#85]
   :     :     :                                :     :  +- *(9) ShuffledHashJoin [ps_suppkey#123], [s_suppkey#82], Inner, BuildRight
   :     :     :                                :     :     :- Exchange hashpartitioning(ps_suppkey#123, 200), ENSURE_REQUIREMENTS, [id=#681]
   :     :     :                                :     :     :  +- *(5) Filter (isnotnull(ps_suppkey#123) AND isnotnull(ps_partkey#122))
   :     :     :                                :     :     :     +- FileScan csv [ps_partkey#122,ps_suppkey#123,ps_supplycost#125] Batched: false, DataFilters: [isnotnull(ps_suppkey#123), isnotnull(ps_partkey#122)], Format: CSV, Location: InMemoryFileIndex[hdfs://parasilo-11.rennes.grid5000.fr:9000/user/diplomma/data/data50/partsupp.tbl], PartitionFilters: [], PushedFilters: [IsNotNull(ps_suppkey), IsNotNull(ps_partkey)], ReadSchema: struct<ps_partkey:int,ps_suppkey:int,ps_supplycost:double>
   :     :     :                                :     :     +- Exchange hashpartitioning(s_suppkey#82, 200), ENSURE_REQUIREMENTS, [id=#686]
   :     :     :                                :     :        +- *(6) Filter (isnotnull(s_suppkey#82) AND isnotnull(s_nationkey#85))
   :     :     :                                :     :           +- FileScan csv [s_suppkey#82,s_nationkey#85] Batched: false, DataFilters: [isnotnull(s_suppkey#82), isnotnull(s_nationkey#85)], Format: CSV, Location: InMemoryFileIndex[hdfs://parasilo-11.rennes.grid5000.fr:9000/user/diplomma/data/data50/supplier.tbl], PartitionFilters: [], PushedFilters: [IsNotNull(s_suppkey), IsNotNull(s_nationkey)], ReadSchema: struct<s_suppkey:int,s_nationkey:int>
   :     :     :                                :     +- BroadcastExchange HashedRelationBroadcastMode(List(cast(input[0, int, false] as bigint)),false), [id=#693]
   :     :     :                                :        +- *(7) Filter (isnotnull(n_nationkey#156) AND isnotnull(n_regionkey#158))
   :     :     :                                :           +- FileScan csv [n_nationkey#156,n_regionkey#158] Batched: false, DataFilters: [isnotnull(n_nationkey#156), isnotnull(n_regionkey#158)], Format: CSV, Location: InMemoryFileIndex[hdfs://parasilo-11.rennes.grid5000.fr:9000/user/diplomma/data/data50/nation.tbl], PartitionFilters: [], PushedFilters: [IsNotNull(n_nationkey), IsNotNull(n_regionkey)], ReadSchema: struct<n_nationkey:int,n_regionkey:int>
   :     :     :                                +- BroadcastExchange HashedRelationBroadcastMode(List(cast(input[0, int, true] as bigint)),false), [id=#701]
   :     :     :                                   +- *(8) Project [r_regionkey#186]
   :     :     :                                      +- *(8) Filter ((isnotnull(r_name#187) AND (r_name#187 = EUROPE)) AND isnotnull(r_regionkey#186))
   :     :     :                                         +- FileScan csv [r_regionkey#186,r_name#187] Batched: false, DataFilters: [isnotnull(r_name#187), (r_name#187 = EUROPE), isnotnull(r_regionkey#186)], Format: CSV, Location: InMemoryFileIndex[hdfs://parasilo-11.rennes.grid5000.fr:9000/user/diplomma/data/data50/region.tbl], PartitionFilters: [], PushedFilters: [IsNotNull(r_name), EqualTo(r_name,EUROPE), IsNotNull(r_regionkey)], ReadSchema: struct<r_regionkey:int,r_name:string>
   :     :     +- Exchange hashpartitioning(s_suppkey#82, 200), ENSURE_REQUIREMENTS, [id=#725]
   :     :        +- *(13) Filter (isnotnull(s_suppkey#82) AND isnotnull(s_nationkey#85))
   :     :           +- FileScan csv [s_suppkey#82,s_name#83,s_address#84,s_nationkey#85,s_phone#86,s_acctbal#87,s_comment#88] Batched: false, DataFilters: [isnotnull(s_suppkey#82), isnotnull(s_nationkey#85)], Format: CSV, Location: InMemoryFileIndex[hdfs://parasilo-11.rennes.grid5000.fr:9000/user/diplomma/data/data50/supplier.tbl], PartitionFilters: [], PushedFilters: [IsNotNull(s_suppkey), IsNotNull(s_nationkey)], ReadSchema: struct<s_suppkey:int,s_name:string,s_address:string,s_nationkey:int,s_phone:string,s_acctbal:doub...
   :     +- BroadcastExchange HashedRelationBroadcastMode(List(cast(input[0, int, false] as bigint)),false), [id=#732]
   :        +- *(14) Filter (isnotnull(n_nationkey#156) AND isnotnull(n_regionkey#158))
   :           +- FileScan csv [n_nationkey#156,n_name#157,n_regionkey#158] Batched: false, DataFilters: [isnotnull(n_nationkey#156), isnotnull(n_regionkey#158)], Format: CSV, Location: InMemoryFileIndex[hdfs://parasilo-11.rennes.grid5000.fr:9000/user/diplomma/data/data50/nation.tbl], PartitionFilters: [], PushedFilters: [IsNotNull(n_nationkey), IsNotNull(n_regionkey)], ReadSchema: struct<n_nationkey:int,n_name:string,n_regionkey:int>
   +- ReusedExchange [r_regionkey#186], BroadcastExchange HashedRelationBroadcastMode(List(cast(input[0, int, true] as bigint)),false), [id=#701]


Region partitions:  1
Nation partitions:  1
Part partitions:  10
Partsupp partitions:  46
Supplier partitions:  8
