+---------+-----------+--------------+
|c_custkey|o_orderdate|o_shippriority|
+---------+-----------+--------------+
|  1105978| 1992-06-12|             0|
| 10075921| 1994-01-31|             0|
|  9389509| 1993-12-10|             0|
|  7747258| 1992-12-07|             0|
|  1689667| 1994-12-30|             0|
|  5756443| 1992-07-10|             0|
|  4136143| 1992-08-17|             0|
|  8034871| 1993-01-01|             0|
| 12722926| 1995-02-21|             0|
|  2351047| 1992-01-11|             0|
| 10243651| 1994-02-04|             0|
|  6094061| 1992-03-20|             0|
|   449275| 1995-01-17|             0|
|  4446778| 1993-11-09|             0|
|  3495362| 1992-08-27|             0|
|  7654724| 1993-08-28|             0|
|  7645253| 1994-04-05|             0|
|  7643083| 1994-01-18|             0|
|  5001334| 1992-12-02|             0|
|  6518773| 1994-02-17|             0|
+---------+-----------+--------------+
only showing top 20 rows

== Physical Plan ==
*(3) Project [c_custkey#84, o_orderdate#38, o_shippriority#41]
+- *(3) ShuffledHashJoin [c_custkey#84], [o_custkey#35], Inner, BuildLeft
   :- Exchange hashpartitioning(c_custkey#84, 200), ENSURE_REQUIREMENTS, [id=#128]
   :  +- *(1) Project [c_custkey#84]
   :     +- *(1) Filter ((isnotnull(c_mktsegment#90) AND (c_mktsegment#90 = BUILDING)) AND isnotnull(c_custkey#84))
   :        +- FileScan csv [c_custkey#84,c_mktsegment#90] Batched: false, DataFilters: [isnotnull(c_mktsegment#90), (c_mktsegment#90 = BUILDING), isnotnull(c_custkey#84)], Format: CSV, Location: InMemoryFileIndex[hdfs://parasilo-11.rennes.grid5000.fr:9000/user/diplomma/data/data100/customer...., PartitionFilters: [], PushedFilters: [IsNotNull(c_mktsegment), EqualTo(c_mktsegment,BUILDING), IsNotNull(c_custkey)], ReadSchema: struct<c_custkey:int,c_mktsegment:string>
   +- Exchange hashpartitioning(o_custkey#35, 200), ENSURE_REQUIREMENTS, [id=#133]
      +- *(2) Filter ((isnotnull(o_orderdate#38) AND (cast(o_orderdate#38 as date) < 9204)) AND isnotnull(o_custkey#35))
         +- FileScan csv [o_custkey#35,o_orderdate#38,o_shippriority#41] Batched: false, DataFilters: [isnotnull(o_orderdate#38), (cast(o_orderdate#38 as date) < 9204), isnotnull(o_custkey#35)], Format: CSV, Location: InMemoryFileIndex[hdfs://parasilo-11.rennes.grid5000.fr:9000/user/diplomma/data/data100/orders.tbl], PartitionFilters: [], PushedFilters: [IsNotNull(o_orderdate), IsNotNull(o_custkey)], ReadSchema: struct<o_custkey:int,o_orderdate:string,o_shippriority:int>


Partitions no customer orders 19 133
