+----------+------------------+
|l_orderkey|            s_name|
+----------+------------------+
|  12306563|Supplier#000257891|
|  12306596|Supplier#000751077|
|  12306625|Supplier#000568778|
|  12307398|Supplier#000708186|
|  12307553|Supplier#000895471|
|  12307911|Supplier#000172015|
|  12308131|Supplier#000520036|
|  12308322|Supplier#000841810|
|  12308516|Supplier#000721331|
|  12308550|Supplier#000221209|
|  12308640|Supplier#000980905|
|  12308834|Supplier#000734793|
|  12309095|Supplier#000906326|
|  12309316|Supplier#000585421|
|  12309891|Supplier#000197603|
|  12309920|Supplier#000778737|
|  12309954|Supplier#000797711|
|  12310018|Supplier#000699140|
|  12310434|Supplier#000448704|
|  12310629|Supplier#000691880|
+----------+------------------+
only showing top 20 rows

== Physical Plan ==
*(3) Project [l_orderkey#48, s_name#111]
+- *(3) ShuffledHashJoin [s_suppkey#110], [l_suppkey#50], Inner, BuildLeft
   :- Exchange hashpartitioning(s_suppkey#110, 200), ENSURE_REQUIREMENTS, [id=#127]
   :  +- *(1) Filter isnotnull(s_suppkey#110)
   :     +- FileScan csv [s_suppkey#110,s_name#111] Batched: false, DataFilters: [isnotnull(s_suppkey#110)], Format: CSV, Location: InMemoryFileIndex[hdfs://parasilo-11.rennes.grid5000.fr:9000/user/diplomma/data/data100/supplier...., PartitionFilters: [], PushedFilters: [IsNotNull(s_suppkey)], ReadSchema: struct<s_suppkey:int,s_name:string>
   +- Exchange hashpartitioning(l_suppkey#50, 200), ENSURE_REQUIREMENTS, [id=#133]
      +- *(2) Project [l_orderkey#48, l_suppkey#50]
         +- *(2) Filter ((isnotnull(l_shipdate#58) AND (cast(l_shipdate#58 as date) > 9204)) AND isnotnull(l_suppkey#50))
            +- FileScan csv [l_orderkey#48,l_suppkey#50,l_shipdate#58] Batched: false, DataFilters: [isnotnull(l_shipdate#58), (cast(l_shipdate#58 as date) > 9204), isnotnull(l_suppkey#50)], Format: CSV, Location: InMemoryFileIndex[hdfs://parasilo-11.rennes.grid5000.fr:9000/user/diplomma/data/data100/lineitem...., PartitionFilters: [], PushedFilters: [IsNotNull(l_shipdate), IsNotNull(l_suppkey)], ReadSchema: struct<l_orderkey:int,l_suppkey:int,l_shipdate:string>


Partitions no lineitem supplier 593 16
