+--------------------+--------+-----------+
|              p_name| p_brand|ps_availqty|
+--------------------+--------+-----------+
|puff purple gains...|Brand#51|       3912|
|puff purple gains...|Brand#51|       2347|
|puff purple gains...|Brand#51|       2538|
|puff purple gains...|Brand#51|       9145|
|metallic royal wh...|Brand#23|       4190|
|metallic royal wh...|Brand#23|       5250|
|metallic royal wh...|Brand#23|        165|
|metallic royal wh...|Brand#23|       7836|
|burnished antique...|Brand#55|       9837|
|burnished antique...|Brand#55|       3264|
|burnished antique...|Brand#55|       9458|
|burnished antique...|Brand#55|       7975|
|chiffon spring me...|Brand#12|       4479|
|chiffon spring me...|Brand#12|       3980|
|chiffon spring me...|Brand#12|       2095|
|chiffon spring me...|Brand#12|       3065|
|chartreuse gainsb...|Brand#55|       8408|
|chartreuse gainsb...|Brand#55|       8556|
|chartreuse gainsb...|Brand#55|        460|
|chartreuse gainsb...|Brand#55|       6704|
+--------------------+--------+-----------+
only showing top 20 rows

== Physical Plan ==
*(3) Project [p_name#35, p_brand#37, ps_availqty#80]
+- *(3) ShuffledHashJoin [p_partkey#34], [ps_partkey#78], Inner, BuildLeft
   :- Exchange hashpartitioning(p_partkey#34, 200), ENSURE_REQUIREMENTS, [id=#128]
   :  +- *(1) Project [p_partkey#34, p_name#35, p_brand#37]
   :     +- *(1) Filter ((((isnotnull(p_size#39) AND isnotnull(p_type#38)) AND (p_size#39 = 15)) AND EndsWith(p_type#38, BRASS)) AND isnotnull(p_partkey#34))
   :        +- FileScan csv [p_partkey#34,p_name#35,p_brand#37,p_type#38,p_size#39] Batched: false, DataFilters: [isnotnull(p_size#39), isnotnull(p_type#38), (p_size#39 = 15), EndsWith(p_type#38, BRASS), isnotn..., Format: CSV, Location: InMemoryFileIndex[hdfs://parasilo-11.rennes.grid5000.fr:9000/user/diplomma/data/data10/part.tbl], PartitionFilters: [], PushedFilters: [IsNotNull(p_size), IsNotNull(p_type), EqualTo(p_size,15), StringEndsWith(p_type,BRASS), IsNotNul..., ReadSchema: struct<p_partkey:int,p_name:string,p_brand:string,p_type:string,p_size:int>
   +- Exchange hashpartitioning(ps_partkey#78, 200), ENSURE_REQUIREMENTS, [id=#133]
      +- *(2) Filter isnotnull(ps_partkey#78)
         +- FileScan csv [ps_partkey#78,ps_availqty#80] Batched: false, DataFilters: [isnotnull(ps_partkey#78)], Format: CSV, Location: InMemoryFileIndex[hdfs://parasilo-11.rennes.grid5000.fr:9000/user/diplomma/data/data10/partsupp.tbl], PartitionFilters: [], PushedFilters: [IsNotNull(ps_partkey)], ReadSchema: struct<ps_partkey:int,ps_availqty:int>


Partitions no customer part partsupp 16 16
