+---------+------------------+-----------------+---------+-------------+--------------------+---------------+--------------------+
|c_custkey|            c_name|          revenue|c_acctbal|       n_name|           c_address|        c_phone|           c_comment|
+---------+------------------+-----------------+---------+-------------+--------------------+---------------+--------------------+
|  1237537|Customer#001237537|      884989.6657|  7840.17|       RUSSIA|FNG6WgB1mopyyY,aj...|32-367-120-4327|nag carefully abo...|
|  1116802|Customer#001116802|      830214.1117|   772.17|       JORDAN|JpGQT3IHoogqB3ZMr...|23-199-655-3770|ests. quickly iro...|
|   508954|Customer#000508954|826167.5138000001|  3072.07|     ETHIOPIA|zgafElAXecB3I7Ee1a9B|15-880-510-9487|ickly regular dep...|
|  1487503|Customer#001487503|825996.5902999999|  5398.11|         IRAN|        orychjo, O6c|20-271-234-4401|ccounts sleep car...|
|  1461247|Customer#001461247|775992.0819999998|  3205.93| SAUDI ARABIA|jQZKjwNqttmC0BohJ...|30-137-949-5375|atterns sleep bli...|
|  1316338|Customer#001316338|      765063.7003|  8682.95|        INDIA|bfz3FH  qaULsV7oi...|18-793-610-3832|equests. regular,...|
|   817849|Customer#000817849|737664.7231999999|   -380.3|      MOROCCO|  7gz7HbNoVNSbv23trx|25-111-847-3201|fully special acc...|
|  1335394|Customer#001335394|731259.8674999999|  3978.53|      VIETNAM|    mdNmISybrVNaIPSp|31-760-271-2302| slyly even instr...|
|   102358|Customer#000102358|715001.8825000001|   3564.9|       BRAZIL|YpDpv0sP14F5xMUQb...|12-941-212-8350|y slyly regular m...|
|  1432624|Customer#001432624|      713512.6431|   205.08|       FRANCE|NTCV7qvJ0PgcULFci...|16-550-232-2774|ctions use regula...|
|   160528|Customer#000160528|      710673.3317|  3425.52|    INDONESIA|6 2h0BtgTVFrbGbg7...|19-670-600-6340|sly regular theod...|
|  1345237|Customer#001345237|      707735.5745|  6905.22|       FRANCE|bhu14nxGOuDn2FldK...|16-133-279-4001|s according to th...|
|   839816|Customer#000839816|      705643.2854|  2110.25|UNITED STATES|      AROroot0eKdCxq|34-453-282-7925| unusual requests...|
|  1136716|Customer#001136716|695043.5606000001|  5886.01|        CHINA|uAIqfk27UKRIIBZLU...|28-729-762-5783|e foxes. bold orb...|
|  1439413|Customer#001439413|690161.9783000001|  8808.65|     ETHIOPIA|    WweMOTcCq4A8yHDL|15-432-961-8772|quick foxes are. ...|
|  1392475|Customer#001392475|      685464.4086|   593.26| SAUDI ARABIA| PHuNdZucsuZvpiKq...|30-640-220-2095| boldly-- slyly c...|
|   616909|Customer#000616909|      684978.1044|  2660.84|        EGYPT| iKRlIpRSp65EFpPY47d|14-185-768-2185|uests. theodolite...|
|   314272|Customer#000314272|      682212.6365|  5127.92|UNITED STATES|sfg9XaV58yPqF7Wo0...|34-674-752-5199|fix carefully dep...|
|  1472980|Customer#001472980|677765.9180000001|  6003.36|         IRAQ| iie M4kwzvAwMV Hpvv|21-506-776-4657|s use slyly thinl...|
|  1486201|Customer#001486201|      674878.4539|  -276.92|       JORDAN|TJhgKueFwrrtXLten...|23-611-797-4750|ag. deposits alon...|
+---------+------------------+-----------------+---------+-------------+--------------------+---------------+--------------------+
only showing top 20 rows

== Physical Plan ==
*(10) Sort [revenue#274 DESC NULLS LAST], true, 0
+- Exchange rangepartitioning(revenue#274 DESC NULLS LAST, 200), ENSURE_REQUIREMENTS, [id=#370]
   +- *(9) HashAggregate(keys=[c_custkey#164, c_name#165, c_acctbal#169, c_phone#168, n_name#205, c_address#166, c_comment#171], functions=[sum((l_extendedprice#53 * (1.0 - l_discount#54)))])
      +- Exchange hashpartitioning(c_custkey#164, c_name#165, c_acctbal#169, c_phone#168, n_name#205, c_address#166, c_comment#171, 200), ENSURE_REQUIREMENTS, [id=#366]
         +- *(8) HashAggregate(keys=[c_custkey#164, c_name#165, knownfloatingpointnormalized(normalizenanandzero(c_acctbal#169)) AS c_acctbal#169, c_phone#168, n_name#205, c_address#166, c_comment#171], functions=[partial_sum((l_extendedprice#53 * (1.0 - l_discount#54)))])
            +- *(8) Project [c_custkey#164, c_name#165, c_address#166, c_phone#168, c_acctbal#169, c_comment#171, l_extendedprice#53, l_discount#54, n_name#205]
               +- *(8) BroadcastHashJoin [c_nationkey#167], [n_nationkey#204], Inner, BuildRight, false
                  :- *(8) Project [c_custkey#164, c_name#165, c_address#166, c_nationkey#167, c_phone#168, c_acctbal#169, c_comment#171, l_extendedprice#53, l_discount#54]
                  :  +- *(8) ShuffledHashJoin [o_orderkey#114], [l_orderkey#48], Inner, BuildRight
                  :     :- Exchange hashpartitioning(o_orderkey#114, 200), ENSURE_REQUIREMENTS, [id=#347]
                  :     :  +- *(5) Project [c_custkey#164, c_name#165, c_address#166, c_nationkey#167, c_phone#168, c_acctbal#169, c_comment#171, o_orderkey#114]
                  :     :     +- *(5) SortMergeJoin [c_custkey#164], [o_custkey#115], Inner
                  :     :        :- *(2) Sort [c_custkey#164 ASC NULLS FIRST], false, 0
                  :     :        :  +- Exchange hashpartitioning(c_custkey#164, 200), ENSURE_REQUIREMENTS, [id=#330]
                  :     :        :     +- *(1) Filter (isnotnull(c_custkey#164) AND isnotnull(c_nationkey#167))
                  :     :        :        +- FileScan csv [c_custkey#164,c_name#165,c_address#166,c_nationkey#167,c_phone#168,c_acctbal#169,c_comment#171] Batched: false, DataFilters: [isnotnull(c_custkey#164), isnotnull(c_nationkey#167)], Format: CSV, Location: InMemoryFileIndex[hdfs://parasilo-1.rennes.grid5000.fr:9000/user/diplomma/data/data10/customer.tbl], PartitionFilters: [], PushedFilters: [IsNotNull(c_custkey), IsNotNull(c_nationkey)], ReadSchema: struct<c_custkey:int,c_name:string,c_address:string,c_nationkey:int,c_phone:string,c_acctbal:doub...
                  :     :        +- *(4) Sort [o_custkey#115 ASC NULLS FIRST], false, 0
                  :     :           +- Exchange hashpartitioning(o_custkey#115, 200), ENSURE_REQUIREMENTS, [id=#339]
                  :     :              +- *(3) Project [o_orderkey#114, o_custkey#115]
                  :     :                 +- *(3) Filter ((((isnotnull(o_orderdate#118) AND (cast(o_orderdate#118 as date) >= 8674)) AND (cast(o_orderdate#118 as date) < 8766)) AND isnotnull(o_custkey#115)) AND isnotnull(o_orderkey#114))
                  :     :                    +- FileScan csv [o_orderkey#114,o_custkey#115,o_orderdate#118] Batched: false, DataFilters: [isnotnull(o_orderdate#118), (cast(o_orderdate#118 as date) >= 8674), (cast(o_orderdate#118 as da..., Format: CSV, Location: InMemoryFileIndex[hdfs://parasilo-1.rennes.grid5000.fr:9000/user/diplomma/data/data10/orders.tbl], PartitionFilters: [], PushedFilters: [IsNotNull(o_orderdate), IsNotNull(o_custkey), IsNotNull(o_orderkey)], ReadSchema: struct<o_orderkey:int,o_custkey:int,o_orderdate:string>
                  :     +- Exchange hashpartitioning(l_orderkey#48, 200), ENSURE_REQUIREMENTS, [id=#353]
                  :        +- *(6) Project [l_orderkey#48, l_extendedprice#53, l_discount#54]
                  :           +- *(6) Filter ((isnotnull(l_returnflag#56) AND (l_returnflag#56 = R)) AND isnotnull(l_orderkey#48))
                  :              +- FileScan csv [l_orderkey#48,l_extendedprice#53,l_discount#54,l_returnflag#56] Batched: false, DataFilters: [isnotnull(l_returnflag#56), (l_returnflag#56 = R), isnotnull(l_orderkey#48)], Format: CSV, Location: InMemoryFileIndex[hdfs://parasilo-1.rennes.grid5000.fr:9000/user/diplomma/data/data10/lineitem.tbl], PartitionFilters: [], PushedFilters: [IsNotNull(l_returnflag), EqualTo(l_returnflag,R), IsNotNull(l_orderkey)], ReadSchema: struct<l_orderkey:int,l_extendedprice:double,l_discount:double,l_returnflag:string>
                  +- BroadcastExchange HashedRelationBroadcastMode(List(cast(input[0, int, false] as bigint)),false), [id=#360]
                     +- *(7) Filter isnotnull(n_nationkey#204)
                        +- FileScan csv [n_nationkey#204,n_name#205] Batched: false, DataFilters: [isnotnull(n_nationkey#204)], Format: CSV, Location: InMemoryFileIndex[hdfs://parasilo-1.rennes.grid5000.fr:9000/user/diplomma/data/data10/nation.tbl], PartitionFilters: [], PushedFilters: [IsNotNull(n_nationkey)], ReadSchema: struct<n_nationkey:int,n_name:string>


Runtime:  0:00:00.236189
TIME NEEDED TO REGISTER TABLES:  0:00:00.186918
