+--------------------+--------+-----------+
|              p_name| p_brand|ps_availqty|
+--------------------+--------+-----------+
|seashell moccasin...|Brand#24|       4392|
|seashell moccasin...|Brand#24|        874|
|seashell moccasin...|Brand#24|       2731|
|seashell moccasin...|Brand#24|       6547|
|black goldenrod m...|Brand#34|       7894|
|black goldenrod m...|Brand#34|       8172|
|black goldenrod m...|Brand#34|       4832|
|black goldenrod m...|Brand#34|       4544|
|spring grey sienn...|Brand#34|       6988|
|spring grey sienn...|Brand#34|        230|
|spring grey sienn...|Brand#34|       3473|
|spring grey sienn...|Brand#34|       3141|
|cream green drab ...|Brand#23|        116|
|cream green drab ...|Brand#23|       5720|
|cream green drab ...|Brand#23|       9479|
|cream green drab ...|Brand#23|       3411|
|midnight violet a...|Brand#31|       4740|
|midnight violet a...|Brand#31|       5385|
|midnight violet a...|Brand#31|       8289|
|midnight violet a...|Brand#31|       2869|
+--------------------+--------+-----------+
only showing top 20 rows

== Physical Plan ==
*(3) Project [p_name#35, p_brand#37, ps_availqty#80]
+- *(3) ShuffledHashJoin [p_partkey#34], [ps_partkey#78], Inner, BuildLeft
   :- Exchange hashpartitioning(p_partkey#34, 200), ENSURE_REQUIREMENTS, [id=#128]
   :  +- *(1) Project [p_partkey#34, p_name#35, p_brand#37]
   :     +- *(1) Filter ((((isnotnull(p_size#39) AND isnotnull(p_type#38)) AND (p_size#39 = 15)) AND EndsWith(p_type#38, BRASS)) AND isnotnull(p_partkey#34))
   :        +- FileScan csv [p_partkey#34,p_name#35,p_brand#37,p_type#38,p_size#39] Batched: false, DataFilters: [isnotnull(p_size#39), isnotnull(p_type#38), (p_size#39 = 15), EndsWith(p_type#38, BRASS), isnotn..., Format: CSV, Location: InMemoryFileIndex[hdfs://parasilo-11.rennes.grid5000.fr:9000/user/diplomma/data/data10/part.tbl], PartitionFilters: [], PushedFilters: [IsNotNull(p_size), IsNotNull(p_type), EqualTo(p_size,15), StringEndsWith(p_type,BRASS), IsNotNul..., ReadSchema: struct<p_partkey:int,p_name:string,p_brand:string,p_type:string,p_size:int>
   +- Exchange hashpartitioning(ps_partkey#78, 200), ENSURE_REQUIREMENTS, [id=#133]
      +- *(2) Filter isnotnull(ps_partkey#78)
         +- FileScan csv [ps_partkey#78,ps_availqty#80] Batched: false, DataFilters: [isnotnull(ps_partkey#78)], Format: CSV, Location: InMemoryFileIndex[hdfs://parasilo-11.rennes.grid5000.fr:9000/user/diplomma/data/data10/partsupp.tbl], PartitionFilters: [], PushedFilters: [IsNotNull(ps_partkey)], ReadSchema: struct<ps_partkey:int,ps_availqty:int>


Partitions no customer part partsupp 12 12
