+----------+------------------+
|l_orderkey|            s_name|
+----------+------------------+
|   7192610|Supplier#000167071|
|   7192996|Supplier#000439283|
|   7193025|Supplier#000533542|
|   7194304|Supplier#000722735|
|   7195108|Supplier#000368691|
|   7195494|Supplier#000872829|
|   7196002|Supplier#000181952|
|   7196420|Supplier#000982352|
|   7197254|Supplier#000178342|
|   7197765|Supplier#000213516|
|   7198210|Supplier#000046994|
|   7198215|Supplier#000761970|
|   7198852|Supplier#000248089|
|   7199045|Supplier#000115602|
|   7199651|Supplier#000790380|
|   7199874|Supplier#000709965|
|   7200839|Supplier#000870097|
|   7200868|Supplier#000382396|
|   7201415|Supplier#000446161|
|   7201827|Supplier#000535839|
+----------+------------------+
only showing top 20 rows

== Physical Plan ==
*(3) Project [l_orderkey#48, s_name#111]
+- *(3) ShuffledHashJoin [s_suppkey#110], [l_suppkey#50], Inner, BuildLeft
   :- Exchange hashpartitioning(s_suppkey#110, 200), ENSURE_REQUIREMENTS, [id=#127]
   :  +- *(1) Filter isnotnull(s_suppkey#110)
   :     +- FileScan csv [s_suppkey#110,s_name#111] Batched: false, DataFilters: [isnotnull(s_suppkey#110)], Format: CSV, Location: InMemoryFileIndex[hdfs://parasilo-11.rennes.grid5000.fr:9000/user/diplomma/data/data100/supplier...., PartitionFilters: [], PushedFilters: [IsNotNull(s_suppkey)], ReadSchema: struct<s_suppkey:int,s_name:string>
   +- Exchange hashpartitioning(l_suppkey#50, 200), ENSURE_REQUIREMENTS, [id=#133]
      +- *(2) Project [l_orderkey#48, l_suppkey#50]
         +- *(2) Filter ((isnotnull(l_shipdate#58) AND (cast(l_shipdate#58 as date) > 9204)) AND isnotnull(l_suppkey#50))
            +- FileScan csv [l_orderkey#48,l_suppkey#50,l_shipdate#58] Batched: false, DataFilters: [isnotnull(l_shipdate#58), (cast(l_shipdate#58 as date) > 9204), isnotnull(l_suppkey#50)], Format: CSV, Location: InMemoryFileIndex[hdfs://parasilo-11.rennes.grid5000.fr:9000/user/diplomma/data/data100/lineitem...., PartitionFilters: [], PushedFilters: [IsNotNull(l_shipdate), IsNotNull(l_suppkey)], ReadSchema: struct<l_orderkey:int,l_suppkey:int,l_shipdate:string>


Partitions no lineitem supplier 593 12
