+----------+------------------+
|l_orderkey|            s_name|
+----------+------------------+
|   1034725|Supplier#000544671|
|   1034818|Supplier#000947952|
|   1035969|Supplier#000464729|
|   1036097|Supplier#000420918|
|   1036257|Supplier#000171452|
|   1036418|Supplier#000082672|
|   1037701|Supplier#000872829|
|   1038215|Supplier#000280659|
|   1039622|Supplier#000977050|
|   1039906|Supplier#000983255|
|   1040775|Supplier#000953245|
|   1040801|Supplier#000356184|
|   1041472|Supplier#000206351|
|   1041958|Supplier#000409026|
|   1042723|Supplier#000513664|
|   1042948|Supplier#000712615|
|   1043716|Supplier#000274549|
|   1043874|Supplier#000975196|
|   1044195|Supplier#000879357|
|   1044295|Supplier#000682853|
+----------+------------------+
only showing top 20 rows

== Physical Plan ==
*(3) Project [l_orderkey#48, s_name#111]
+- *(3) ShuffledHashJoin [s_suppkey#110], [l_suppkey#50], Inner, BuildLeft
   :- Exchange hashpartitioning(s_suppkey#110, 200), ENSURE_REQUIREMENTS, [id=#127]
   :  +- *(1) Filter isnotnull(s_suppkey#110)
   :     +- FileScan csv [s_suppkey#110,s_name#111] Batched: false, DataFilters: [isnotnull(s_suppkey#110)], Format: CSV, Location: InMemoryFileIndex[hdfs://parasilo-11.rennes.grid5000.fr:9000/user/diplomma/data/data100/supplier...., PartitionFilters: [], PushedFilters: [IsNotNull(s_suppkey)], ReadSchema: struct<s_suppkey:int,s_name:string>
   +- Exchange hashpartitioning(l_suppkey#50, 200), ENSURE_REQUIREMENTS, [id=#133]
      +- *(2) Project [l_orderkey#48, l_suppkey#50]
         +- *(2) Filter ((isnotnull(l_shipdate#58) AND (cast(l_shipdate#58 as date) > 9204)) AND isnotnull(l_suppkey#50))
            +- FileScan csv [l_orderkey#48,l_suppkey#50,l_shipdate#58] Batched: false, DataFilters: [isnotnull(l_shipdate#58), (cast(l_shipdate#58 as date) > 9204), isnotnull(l_suppkey#50)], Format: CSV, Location: InMemoryFileIndex[hdfs://parasilo-11.rennes.grid5000.fr:9000/user/diplomma/data/data100/lineitem...., PartitionFilters: [], PushedFilters: [IsNotNull(l_shipdate), IsNotNull(l_suppkey)], ReadSchema: struct<l_orderkey:int,l_suppkey:int,l_shipdate:string>


Partitions no lineitem supplier 593 4
