+----------+------------------+
|l_orderkey|            s_name|
+----------+------------------+
|   2060449|Supplier#000173059|
|   2060578|Supplier#000222605|
|   2060676|Supplier#000813989|
|   2060839|Supplier#000712525|
|   2060897|Supplier#000057984|
|   2062179|Supplier#000852427|
|   2062343|Supplier#000630078|
|   2062658|Supplier#000438279|
|   2064353|Supplier#000633885|
|   2064453|Supplier#000734793|
|   2065383|Supplier#000789041|
|   2065607|Supplier#000032445|
|   2066308|Supplier#000725789|
|   2066432|Supplier#000147524|
|   2066663|Supplier#000243440|
|   2066758|Supplier#000150822|
|   2067392|Supplier#000065220|
|   2067552|Supplier#000682743|
|   2067682|Supplier#000381549|
|   2068294|Supplier#000954044|
+----------+------------------+
only showing top 20 rows

== Physical Plan ==
*(3) Project [l_orderkey#48, s_name#111]
+- *(3) ShuffledHashJoin [s_suppkey#110], [l_suppkey#50], Inner, BuildLeft
   :- Exchange hashpartitioning(s_suppkey#110, 200), ENSURE_REQUIREMENTS, [id=#127]
   :  +- *(1) Filter isnotnull(s_suppkey#110)
   :     +- FileScan csv [s_suppkey#110,s_name#111] Batched: false, DataFilters: [isnotnull(s_suppkey#110)], Format: CSV, Location: InMemoryFileIndex[hdfs://parasilo-11.rennes.grid5000.fr:9000/user/diplomma/data/data100/supplier...., PartitionFilters: [], PushedFilters: [IsNotNull(s_suppkey)], ReadSchema: struct<s_suppkey:int,s_name:string>
   +- Exchange hashpartitioning(l_suppkey#50, 200), ENSURE_REQUIREMENTS, [id=#133]
      +- *(2) Project [l_orderkey#48, l_suppkey#50]
         +- *(2) Filter ((isnotnull(l_shipdate#58) AND (cast(l_shipdate#58 as date) > 9204)) AND isnotnull(l_suppkey#50))
            +- FileScan csv [l_orderkey#48,l_suppkey#50,l_shipdate#58] Batched: false, DataFilters: [isnotnull(l_shipdate#58), (cast(l_shipdate#58 as date) > 9204), isnotnull(l_suppkey#50)], Format: CSV, Location: InMemoryFileIndex[hdfs://parasilo-11.rennes.grid5000.fr:9000/user/diplomma/data/data100/lineitem...., PartitionFilters: [], PushedFilters: [IsNotNull(l_shipdate), IsNotNull(l_suppkey)], ReadSchema: struct<l_orderkey:int,l_suppkey:int,l_shipdate:string>


Partitions no lineitem supplier 593 8
