+----------+------------------+
|l_orderkey|            s_name|
+----------+------------------+
|  15361956|Supplier#000647857|
|  15362438|Supplier#000916629|
|  15363936|Supplier#000070863|
|  15364291|Supplier#000219514|
|  15365190|Supplier#000773029|
|  15365216|Supplier#000834439|
|  15365860|Supplier#000008086|
|  15366118|Supplier#000149465|
|  15367744|Supplier#000208595|
|  15367781|Supplier#000613313|
|  15368134|Supplier#000716144|
|  15368288|Supplier#000442656|
|  15369060|Supplier#000255806|
|  15369090|Supplier#000566970|
|  15369091|Supplier#000377515|
|  15369218|Supplier#000788920|
|  15369248|Supplier#000751503|
|  15370341|Supplier#000056987|
|  15371270|Supplier#000380065|
|  15371492|Supplier#000441884|
+----------+------------------+
only showing top 20 rows

== Physical Plan ==
*(3) Project [l_orderkey#48, s_name#111]
+- *(3) ShuffledHashJoin [s_suppkey#110], [l_suppkey#50], Inner, BuildLeft
   :- Exchange hashpartitioning(s_suppkey#110, 200), ENSURE_REQUIREMENTS, [id=#127]
   :  +- *(1) Filter isnotnull(s_suppkey#110)
   :     +- FileScan csv [s_suppkey#110,s_name#111] Batched: false, DataFilters: [isnotnull(s_suppkey#110)], Format: CSV, Location: InMemoryFileIndex[hdfs://parasilo-11.rennes.grid5000.fr:9000/user/diplomma/data/data100/supplier...., PartitionFilters: [], PushedFilters: [IsNotNull(s_suppkey)], ReadSchema: struct<s_suppkey:int,s_name:string>
   +- Exchange hashpartitioning(l_suppkey#50, 200), ENSURE_REQUIREMENTS, [id=#133]
      +- *(2) Project [l_orderkey#48, l_suppkey#50]
         +- *(2) Filter ((isnotnull(l_shipdate#58) AND (cast(l_shipdate#58 as date) > 9204)) AND isnotnull(l_suppkey#50))
            +- FileScan csv [l_orderkey#48,l_suppkey#50,l_shipdate#58] Batched: false, DataFilters: [isnotnull(l_shipdate#58), (cast(l_shipdate#58 as date) > 9204), isnotnull(l_suppkey#50)], Format: CSV, Location: InMemoryFileIndex[hdfs://parasilo-11.rennes.grid5000.fr:9000/user/diplomma/data/data100/lineitem...., PartitionFilters: [], PushedFilters: [IsNotNull(l_shipdate), IsNotNull(l_suppkey)], ReadSchema: struct<l_orderkey:int,l_suppkey:int,l_shipdate:string>


Partitions no lineitem supplier 593 20
