+--------------------+--------+-----------+
|              p_name| p_brand|ps_availqty|
+--------------------+--------+-----------+
|lavender peru nav...|Brand#32|       4710|
|lavender peru nav...|Brand#32|        582|
|lavender peru nav...|Brand#32|       8861|
|lavender peru nav...|Brand#32|       7793|
|rosy rose papaya ...|Brand#13|       6523|
|rosy rose papaya ...|Brand#13|       1990|
|rosy rose papaya ...|Brand#13|       3630|
|rosy rose papaya ...|Brand#13|       8194|
|gainsboro papaya ...|Brand#24|       1550|
|gainsboro papaya ...|Brand#24|        176|
|gainsboro papaya ...|Brand#24|       8333|
|gainsboro papaya ...|Brand#24|       5374|
|ghost pale light ...|Brand#23|       2986|
|ghost pale light ...|Brand#23|       4882|
|ghost pale light ...|Brand#23|        993|
|ghost pale light ...|Brand#23|       5696|
|gainsboro hot flo...|Brand#45|       1764|
|gainsboro hot flo...|Brand#45|       5883|
|gainsboro hot flo...|Brand#45|       2029|
|gainsboro hot flo...|Brand#45|       6576|
+--------------------+--------+-----------+
only showing top 20 rows

== Physical Plan ==
*(3) Project [p_name#35, p_brand#37, ps_availqty#80]
+- *(3) ShuffledHashJoin [p_partkey#34], [ps_partkey#78], Inner, BuildLeft
   :- Exchange hashpartitioning(p_partkey#34, 200), ENSURE_REQUIREMENTS, [id=#128]
   :  +- *(1) Project [p_partkey#34, p_name#35, p_brand#37]
   :     +- *(1) Filter ((((isnotnull(p_size#39) AND isnotnull(p_type#38)) AND (p_size#39 = 15)) AND EndsWith(p_type#38, BRASS)) AND isnotnull(p_partkey#34))
   :        +- FileScan csv [p_partkey#34,p_name#35,p_brand#37,p_type#38,p_size#39] Batched: false, DataFilters: [isnotnull(p_size#39), isnotnull(p_type#38), (p_size#39 = 15), EndsWith(p_type#38, BRASS), isnotn..., Format: CSV, Location: InMemoryFileIndex[hdfs://parasilo-11.rennes.grid5000.fr:9000/user/diplomma/data/data100/part.tbl], PartitionFilters: [], PushedFilters: [IsNotNull(p_size), IsNotNull(p_type), EqualTo(p_size,15), StringEndsWith(p_type,BRASS), IsNotNul..., ReadSchema: struct<p_partkey:int,p_name:string,p_brand:string,p_type:string,p_size:int>
   +- Exchange hashpartitioning(ps_partkey#78, 200), ENSURE_REQUIREMENTS, [id=#133]
      +- *(2) Filter isnotnull(ps_partkey#78)
         +- FileScan csv [ps_partkey#78,ps_availqty#80] Batched: false, DataFilters: [isnotnull(ps_partkey#78)], Format: CSV, Location: InMemoryFileIndex[hdfs://parasilo-11.rennes.grid5000.fr:9000/user/diplomma/data/data100/partsupp...., PartitionFilters: [], PushedFilters: [IsNotNull(ps_partkey)], ReadSchema: struct<ps_partkey:int,ps_availqty:int>


Partitions no customer part partsupp 24 91
