+--------------------+--------+-----------+
|              p_name| p_brand|ps_availqty|
+--------------------+--------+-----------+
|turquoise forest ...|Brand#32|       3739|
|turquoise forest ...|Brand#32|       3530|
|turquoise forest ...|Brand#32|       8334|
|turquoise forest ...|Brand#32|        696|
|blue tan wheat ye...|Brand#11|       9913|
|blue tan wheat ye...|Brand#11|       5173|
|blue tan wheat ye...|Brand#11|       1261|
|blue tan wheat ye...|Brand#11|       6545|
|maroon dark dodge...|Brand#55|       4047|
|maroon dark dodge...|Brand#55|        735|
|maroon dark dodge...|Brand#55|       8776|
|maroon dark dodge...|Brand#55|        349|
|cornflower gainsb...|Brand#14|       3259|
|cornflower gainsb...|Brand#14|       5001|
|cornflower gainsb...|Brand#14|       6350|
|cornflower gainsb...|Brand#14|       1536|
|dodger papaya law...|Brand#15|       4520|
|dodger papaya law...|Brand#15|       6089|
|dodger papaya law...|Brand#15|       5422|
|dodger papaya law...|Brand#15|       3186|
+--------------------+--------+-----------+
only showing top 20 rows

== Physical Plan ==
*(3) Project [p_name#35, p_brand#37, ps_availqty#80]
+- *(3) ShuffledHashJoin [p_partkey#34], [ps_partkey#78], Inner, BuildLeft
   :- Exchange hashpartitioning(p_partkey#34, 200), ENSURE_REQUIREMENTS, [id=#128]
   :  +- *(1) Project [p_partkey#34, p_name#35, p_brand#37]
   :     +- *(1) Filter ((((isnotnull(p_size#39) AND isnotnull(p_type#38)) AND (p_size#39 = 15)) AND EndsWith(p_type#38, BRASS)) AND isnotnull(p_partkey#34))
   :        +- FileScan csv [p_partkey#34,p_name#35,p_brand#37,p_type#38,p_size#39] Batched: false, DataFilters: [isnotnull(p_size#39), isnotnull(p_type#38), (p_size#39 = 15), EndsWith(p_type#38, BRASS), isnotn..., Format: CSV, Location: InMemoryFileIndex[hdfs://parasilo-11.rennes.grid5000.fr:9000/user/diplomma/data/data100/part.tbl], PartitionFilters: [], PushedFilters: [IsNotNull(p_size), IsNotNull(p_type), EqualTo(p_size,15), StringEndsWith(p_type,BRASS), IsNotNul..., ReadSchema: struct<p_partkey:int,p_name:string,p_brand:string,p_type:string,p_size:int>
   +- Exchange hashpartitioning(ps_partkey#78, 200), ENSURE_REQUIREMENTS, [id=#133]
      +- *(2) Filter isnotnull(ps_partkey#78)
         +- FileScan csv [ps_partkey#78,ps_availqty#80] Batched: false, DataFilters: [isnotnull(ps_partkey#78)], Format: CSV, Location: InMemoryFileIndex[hdfs://parasilo-11.rennes.grid5000.fr:9000/user/diplomma/data/data100/partsupp...., PartitionFilters: [], PushedFilters: [IsNotNull(ps_partkey)], ReadSchema: struct<ps_partkey:int,ps_availqty:int>


Partitions no customer part partsupp 19 91
