+--------------------+--------+-----------+
|              p_name| p_brand|ps_availqty|
+--------------------+--------+-----------+
|turquoise midnigh...|Brand#41|       3237|
|turquoise midnigh...|Brand#41|       5288|
|turquoise midnigh...|Brand#41|       3014|
|turquoise midnigh...|Brand#41|       5003|
|floral green cora...|Brand#51|        511|
|floral green cora...|Brand#51|       3070|
|floral green cora...|Brand#51|       3358|
|floral green cora...|Brand#51|       3489|
|chocolate pale ye...|Brand#23|       2022|
|chocolate pale ye...|Brand#23|       2274|
|chocolate pale ye...|Brand#23|       4086|
|chocolate pale ye...|Brand#23|       9627|
|dim tan rose hot ...|Brand#45|       4520|
|dim tan rose hot ...|Brand#45|       1089|
|dim tan rose hot ...|Brand#45|       5707|
|dim tan rose hot ...|Brand#45|       6534|
|grey deep royal i...|Brand#51|       2541|
|grey deep royal i...|Brand#51|       6714|
|grey deep royal i...|Brand#51|       8220|
|grey deep royal i...|Brand#51|       1438|
+--------------------+--------+-----------+
only showing top 20 rows

== Physical Plan ==
*(3) Project [p_name#35, p_brand#37, ps_availqty#80]
+- *(3) ShuffledHashJoin [p_partkey#34], [ps_partkey#78], Inner, BuildLeft
   :- Exchange hashpartitioning(p_partkey#34, 200), ENSURE_REQUIREMENTS, [id=#128]
   :  +- *(1) Project [p_partkey#34, p_name#35, p_brand#37]
   :     +- *(1) Filter ((((isnotnull(p_size#39) AND isnotnull(p_type#38)) AND (p_size#39 = 15)) AND EndsWith(p_type#38, BRASS)) AND isnotnull(p_partkey#34))
   :        +- FileScan csv [p_partkey#34,p_name#35,p_brand#37,p_type#38,p_size#39] Batched: false, DataFilters: [isnotnull(p_size#39), isnotnull(p_type#38), (p_size#39 = 15), EndsWith(p_type#38, BRASS), isnotn..., Format: CSV, Location: InMemoryFileIndex[hdfs://parasilo-11.rennes.grid5000.fr:9000/user/diplomma/data/data100/part.tbl], PartitionFilters: [], PushedFilters: [IsNotNull(p_size), IsNotNull(p_type), EqualTo(p_size,15), StringEndsWith(p_type,BRASS), IsNotNul..., ReadSchema: struct<p_partkey:int,p_name:string,p_brand:string,p_type:string,p_size:int>
   +- Exchange hashpartitioning(ps_partkey#78, 200), ENSURE_REQUIREMENTS, [id=#133]
      +- *(2) Filter isnotnull(ps_partkey#78)
         +- FileScan csv [ps_partkey#78,ps_availqty#80] Batched: false, DataFilters: [isnotnull(ps_partkey#78)], Format: CSV, Location: InMemoryFileIndex[hdfs://parasilo-11.rennes.grid5000.fr:9000/user/diplomma/data/data100/partsupp...., PartitionFilters: [], PushedFilters: [IsNotNull(ps_partkey)], ReadSchema: struct<ps_partkey:int,ps_availqty:int>


Partitions no customer part partsupp 56 91
