+----------+------------------+
|l_orderkey|            s_name|
+----------+------------------+
|   6164419|Supplier#000368691|
|   6164647|Supplier#000911460|
|   6164675|Supplier#000553762|
|   6165223|Supplier#000461988|
|   6165287|Supplier#000761609|
|   6166534|Supplier#000128389|
|   6166726|Supplier#000463103|
|   6167360|Supplier#000321560|
|   6167555|Supplier#000346916|
|   6167906|Supplier#000417265|
|   6168006|Supplier#000644451|
|   6168485|Supplier#000954863|
|   6168998|Supplier#000175738|
|   6169059|Supplier#000973590|
|   6169314|Supplier#000700060|
|   6169475|Supplier#000943766|
|   6169569|Supplier#000745107|
|   6169892|Supplier#000665391|
|   6170598|Supplier#000388859|
|   6171269|Supplier#000604700|
+----------+------------------+
only showing top 20 rows

== Physical Plan ==
*(3) Project [l_orderkey#48, s_name#111]
+- *(3) ShuffledHashJoin [s_suppkey#110], [l_suppkey#50], Inner, BuildLeft
   :- Exchange hashpartitioning(s_suppkey#110, 200), ENSURE_REQUIREMENTS, [id=#127]
   :  +- *(1) Filter isnotnull(s_suppkey#110)
   :     +- FileScan csv [s_suppkey#110,s_name#111] Batched: false, DataFilters: [isnotnull(s_suppkey#110)], Format: CSV, Location: InMemoryFileIndex[hdfs://parasilo-11.rennes.grid5000.fr:9000/user/diplomma/data/data100/supplier...., PartitionFilters: [], PushedFilters: [IsNotNull(s_suppkey)], ReadSchema: struct<s_suppkey:int,s_name:string>
   +- Exchange hashpartitioning(l_suppkey#50, 200), ENSURE_REQUIREMENTS, [id=#133]
      +- *(2) Project [l_orderkey#48, l_suppkey#50]
         +- *(2) Filter ((isnotnull(l_shipdate#58) AND (cast(l_shipdate#58 as date) > 9204)) AND isnotnull(l_suppkey#50))
            +- FileScan csv [l_orderkey#48,l_suppkey#50,l_shipdate#58] Batched: false, DataFilters: [isnotnull(l_shipdate#58), (cast(l_shipdate#58 as date) > 9204), isnotnull(l_suppkey#50)], Format: CSV, Location: InMemoryFileIndex[hdfs://parasilo-11.rennes.grid5000.fr:9000/user/diplomma/data/data100/lineitem...., PartitionFilters: [], PushedFilters: [IsNotNull(l_shipdate), IsNotNull(l_suppkey)], ReadSchema: struct<l_orderkey:int,l_suppkey:int,l_shipdate:string>


Partitions no lineitem supplier 593 8
