+----------+------------------+
|l_orderkey|            s_name|
+----------+------------------+
|   9243751|Supplier#000922409|
|   9243844|Supplier#000456851|
|   9243872|Supplier#000089385|
|   9243873|Supplier#000738276|
|   9244039|Supplier#000197258|
|   9244198|Supplier#000516959|
|   9244740|Supplier#000450545|
|   9245249|Supplier#000424293|
|   9245730|Supplier#000256866|
|   9246210|Supplier#000849130|
|   9246498|Supplier#000595937|
|   9246528|Supplier#000511948|
|   9246663|Supplier#000636106|
|   9246913|Supplier#000089844|
|   9246951|Supplier#000516885|
|   9247077|Supplier#000936858|
|   9247552|Supplier#000034239|
|   9247652|Supplier#000744184|
|   9248196|Supplier#000573112|
|   9248385|Supplier#000364127|
+----------+------------------+
only showing top 20 rows

== Physical Plan ==
*(3) Project [l_orderkey#48, s_name#111]
+- *(3) ShuffledHashJoin [s_suppkey#110], [l_suppkey#50], Inner, BuildLeft
   :- Exchange hashpartitioning(s_suppkey#110, 200), ENSURE_REQUIREMENTS, [id=#127]
   :  +- *(1) Filter isnotnull(s_suppkey#110)
   :     +- FileScan csv [s_suppkey#110,s_name#111] Batched: false, DataFilters: [isnotnull(s_suppkey#110)], Format: CSV, Location: InMemoryFileIndex[hdfs://parasilo-11.rennes.grid5000.fr:9000/user/diplomma/data/data100/supplier...., PartitionFilters: [], PushedFilters: [IsNotNull(s_suppkey)], ReadSchema: struct<s_suppkey:int,s_name:string>
   +- Exchange hashpartitioning(l_suppkey#50, 200), ENSURE_REQUIREMENTS, [id=#133]
      +- *(2) Project [l_orderkey#48, l_suppkey#50]
         +- *(2) Filter ((isnotnull(l_shipdate#58) AND (cast(l_shipdate#58 as date) > 9204)) AND isnotnull(l_suppkey#50))
            +- FileScan csv [l_orderkey#48,l_suppkey#50,l_shipdate#58] Batched: false, DataFilters: [isnotnull(l_shipdate#58), (cast(l_shipdate#58 as date) > 9204), isnotnull(l_suppkey#50)], Format: CSV, Location: InMemoryFileIndex[hdfs://parasilo-11.rennes.grid5000.fr:9000/user/diplomma/data/data100/lineitem...., PartitionFilters: [], PushedFilters: [IsNotNull(l_shipdate), IsNotNull(l_suppkey)], ReadSchema: struct<l_orderkey:int,l_suppkey:int,l_shipdate:string>


Partitions no lineitem supplier 593 16
