+----------+------------------+
|l_orderkey|            s_name|
+----------+------------------+
|   4112454|Supplier#000840677|
|   4113348|Supplier#000966765|
|   4113699|Supplier#000030903|
|   4114338|Supplier#000715247|
|   4114372|Supplier#000763837|
|   4114624|Supplier#000049717|
|   4114853|Supplier#000612356|
|   4114886|Supplier#000280659|
|   4114976|Supplier#000895618|
|   4115138|Supplier#000651851|
|   4115200|Supplier#000062680|
|   4115364|Supplier#000468316|
|   4115687|Supplier#000949095|
|   4115844|Supplier#000613396|
|   4116262|Supplier#000711277|
|   4116358|Supplier#000389639|
|   4116964|Supplier#000038868|
|   4116999|Supplier#000902929|
|   4117024|Supplier#000936858|
|   4117091|Supplier#000000463|
+----------+------------------+
only showing top 20 rows

== Physical Plan ==
*(3) Project [l_orderkey#48, s_name#111]
+- *(3) ShuffledHashJoin [s_suppkey#110], [l_suppkey#50], Inner, BuildLeft
   :- Exchange hashpartitioning(s_suppkey#110, 200), ENSURE_REQUIREMENTS, [id=#127]
   :  +- *(1) Filter isnotnull(s_suppkey#110)
   :     +- FileScan csv [s_suppkey#110,s_name#111] Batched: false, DataFilters: [isnotnull(s_suppkey#110)], Format: CSV, Location: InMemoryFileIndex[hdfs://parasilo-11.rennes.grid5000.fr:9000/user/diplomma/data/data100/supplier...., PartitionFilters: [], PushedFilters: [IsNotNull(s_suppkey)], ReadSchema: struct<s_suppkey:int,s_name:string>
   +- Exchange hashpartitioning(l_suppkey#50, 200), ENSURE_REQUIREMENTS, [id=#133]
      +- *(2) Project [l_orderkey#48, l_suppkey#50]
         +- *(2) Filter ((isnotnull(l_shipdate#58) AND (cast(l_shipdate#58 as date) > 9204)) AND isnotnull(l_suppkey#50))
            +- FileScan csv [l_orderkey#48,l_suppkey#50,l_shipdate#58] Batched: false, DataFilters: [isnotnull(l_shipdate#58), (cast(l_shipdate#58 as date) > 9204), isnotnull(l_suppkey#50)], Format: CSV, Location: InMemoryFileIndex[hdfs://parasilo-11.rennes.grid5000.fr:9000/user/diplomma/data/data100/lineitem...., PartitionFilters: [], PushedFilters: [IsNotNull(l_shipdate), IsNotNull(l_suppkey)], ReadSchema: struct<l_orderkey:int,l_suppkey:int,l_shipdate:string>


Partitions no lineitem supplier 593 20
