+----------+------------------+
|l_orderkey|            s_name|
+----------+------------------+
|   8218081|Supplier#000708865|
|   8218213|Supplier#000753766|
|   8218308|Supplier#000526067|
|   8218404|Supplier#000826229|
|   8218720|Supplier#000601959|
|   8218919|Supplier#000114503|
|   8219463|Supplier#000998442|
|   8219943|Supplier#000714384|
|   8220070|Supplier#000643945|
|   8220544|Supplier#000965159|
|   8220642|Supplier#000970389|
|   8221191|Supplier#000282092|
|   8222054|Supplier#000233799|
|   8222086|Supplier#000566827|
|   8222177|Supplier#000831518|
|   8222468|Supplier#000795200|
|   8223556|Supplier#000377308|
|   8223908|Supplier#000192952|
|   8224867|Supplier#000973234|
|   8224899|Supplier#000504537|
+----------+------------------+
only showing top 20 rows

== Physical Plan ==
*(3) Project [l_orderkey#48, s_name#111]
+- *(3) ShuffledHashJoin [s_suppkey#110], [l_suppkey#50], Inner, BuildLeft
   :- Exchange hashpartitioning(s_suppkey#110, 200), ENSURE_REQUIREMENTS, [id=#127]
   :  +- *(1) Filter isnotnull(s_suppkey#110)
   :     +- FileScan csv [s_suppkey#110,s_name#111] Batched: false, DataFilters: [isnotnull(s_suppkey#110)], Format: CSV, Location: InMemoryFileIndex[hdfs://parasilo-11.rennes.grid5000.fr:9000/user/diplomma/data/data100/supplier...., PartitionFilters: [], PushedFilters: [IsNotNull(s_suppkey)], ReadSchema: struct<s_suppkey:int,s_name:string>
   +- Exchange hashpartitioning(l_suppkey#50, 200), ENSURE_REQUIREMENTS, [id=#133]
      +- *(2) Project [l_orderkey#48, l_suppkey#50]
         +- *(2) Filter ((isnotnull(l_shipdate#58) AND (cast(l_shipdate#58 as date) > 9204)) AND isnotnull(l_suppkey#50))
            +- FileScan csv [l_orderkey#48,l_suppkey#50,l_shipdate#58] Batched: false, DataFilters: [isnotnull(l_shipdate#58), (cast(l_shipdate#58 as date) > 9204), isnotnull(l_suppkey#50)], Format: CSV, Location: InMemoryFileIndex[hdfs://parasilo-11.rennes.grid5000.fr:9000/user/diplomma/data/data100/lineitem...., PartitionFilters: [], PushedFilters: [IsNotNull(l_shipdate), IsNotNull(l_suppkey)], ReadSchema: struct<l_orderkey:int,l_suppkey:int,l_shipdate:string>


Partitions no lineitem supplier 593 14
