+----------+------------------+
|l_orderkey|            s_name|
+----------+------------------+
|  32668388|Supplier#000384788|
|  32668615|Supplier#000300474|
|  32668770|Supplier#000211048|
|  32669344|Supplier#000163046|
|  32670375|Supplier#000700097|
|  32670403|Supplier#000607933|
|  32671366|Supplier#000483472|
|  32671714|Supplier#000460123|
|  32672451|Supplier#000419000|
|  32672518|Supplier#000053191|
|  32672899|Supplier#000989681|
|  32673159|Supplier#000472113|
|  32674112|Supplier#000777170|
|  32674144|Supplier#000292297|
|  32675233|Supplier#000068610|
|  32675425|Supplier#000268687|
|  32675525|Supplier#000837740|
|  32675553|Supplier#000717013|
|  32675975|Supplier#000464909|
|  32676608|Supplier#000988857|
+----------+------------------+
only showing top 20 rows

== Physical Plan ==
*(3) Project [l_orderkey#48, s_name#111]
+- *(3) ShuffledHashJoin [s_suppkey#110], [l_suppkey#50], Inner, BuildLeft
   :- Exchange hashpartitioning(s_suppkey#110, 200), ENSURE_REQUIREMENTS, [id=#127]
   :  +- *(1) Filter isnotnull(s_suppkey#110)
   :     +- FileScan csv [s_suppkey#110,s_name#111] Batched: false, DataFilters: [isnotnull(s_suppkey#110)], Format: CSV, Location: InMemoryFileIndex[hdfs://parasilo-11.rennes.grid5000.fr:9000/user/diplomma/data/data100/supplier...., PartitionFilters: [], PushedFilters: [IsNotNull(s_suppkey)], ReadSchema: struct<s_suppkey:int,s_name:string>
   +- Exchange hashpartitioning(l_suppkey#50, 200), ENSURE_REQUIREMENTS, [id=#133]
      +- *(2) Project [l_orderkey#48, l_suppkey#50]
         +- *(2) Filter ((isnotnull(l_shipdate#58) AND (cast(l_shipdate#58 as date) > 9204)) AND isnotnull(l_suppkey#50))
            +- FileScan csv [l_orderkey#48,l_suppkey#50,l_shipdate#58] Batched: false, DataFilters: [isnotnull(l_shipdate#58), (cast(l_shipdate#58 as date) > 9204), isnotnull(l_suppkey#50)], Format: CSV, Location: InMemoryFileIndex[hdfs://parasilo-11.rennes.grid5000.fr:9000/user/diplomma/data/data100/lineitem...., PartitionFilters: [], PushedFilters: [IsNotNull(l_shipdate), IsNotNull(l_suppkey)], ReadSchema: struct<l_orderkey:int,l_suppkey:int,l_shipdate:string>


Partitions no lineitem supplier 593 35
