We are here
+---------+------------------+--------------+---------+--------------+--------------------+---------------+--------------------+
|s_acctbal|            s_name|        n_name|p_partkey|        p_mfgr|           s_address|        s_phone|           s_comment|
+---------+------------------+--------------+---------+--------------+--------------------+---------------+--------------------+
|  3544.77|Supplier#000573695|       ROMANIA| 10323684|Manufacturer#4|q23Sx1XGZZeAr40oX...|29-822-900-8899|e slyly across th...|
|  6716.22|Supplier#000809493|UNITED KINGDOM|  8309476|Manufacturer#4|          zPu1U15U4P|33-333-964-6047|ng the quickly ev...|
|  6954.84|Supplier#000715247|        FRANCE|  5715246|Manufacturer#3|cR0bjmIkbM0efGk89...|16-744-528-4274|posits. carefully...|
|   -286.6|Supplier#000933992|        FRANCE|   933991|Manufacturer#5|QQdoR tNqhoUKUh4K...|16-704-909-7276|yly express depos...|
|  -804.46|Supplier#000834793|        RUSSIA| 19584773|Manufacturer#2|ixo v9T8zbAkbLToJ...|32-298-994-8100|yly special depos...|
|  4885.93|Supplier#000248295|       ROMANIA| 10748274|Manufacturer#5| KmEIxdfe7qdhUGuiAhc|29-474-374-5449|gular pinto beans...|
|  5869.57|Supplier#000945360|       GERMANY|  4945359|Manufacturer#4|Lqg7YlIwDXUuvANeK...|17-257-353-6956|f the deposits. r...|
|    255.6|Supplier#000650026|UNITED KINGDOM|  3650025|Manufacturer#1|         9q0brXAfoCL|33-528-968-3133|ly instead of the...|
|  9272.25|Supplier#000640839|        RUSSIA|  8890814|Manufacturer#2|hkau897cCDdp tb9U...|32-483-571-4118|ong the furiously...|
|  9651.36|Supplier#000160492|        RUSSIA| 16410443|Manufacturer#5|gH8KmO5pjPNTZxg6M...|32-851-124-9929|slyly along the d...|
|  2809.04|Supplier#000892358|        FRANCE|   642357|Manufacturer#2|        Mf2Dt23SAXfW|16-833-184-2522|ts. even dependen...|
|  -371.48|Supplier#000377210|        FRANCE|  5377209|Manufacturer#4|vUm8CA5fQ3PTYchoX...|16-181-714-7487|hlessly express m...|
|   7980.5|Supplier#000608544|       ROMANIA|  7858522|Manufacturer#4|C9JGGNOq BjrjXA8A...|29-888-869-8142|y unusual request...|
|   5459.9|Supplier#000218419|        FRANCE|  4968414|Manufacturer#1|hx2wuENHQKy8 5,zj...|16-641-190-7479|l theodolites. bl...|
|  5686.78|Supplier#000588727|        RUSSIA| 17588726|Manufacturer#3|cXyaIGcGtH88cW lQ...|32-507-593-3002|luffily. unusual,...|
|  6797.33|Supplier#000857783|       GERMANY| 11357760|Manufacturer#1|IwvMEyo2a4EaPSCvz...|17-357-364-2272|posits nag carefu...|
|  1822.37|Supplier#000473385|        RUSSIA| 11973362|Manufacturer#5|I FvV9qcAhYextZJJ...|32-727-866-4448|cajole instructio...|
|  6718.57|Supplier#000251742|        FRANCE|  1001740|Manufacturer#5|0ysdXfB ,JY6NzTCF...|16-861-373-3313|s. blithely ironi...|
|  8576.08|Supplier#000065408|        FRANCE| 17065407|Manufacturer#5|    rVnAR9QJFgpI3L5s|16-967-891-3423|oxes. quickly car...|
|  2615.21|Supplier#000434679|UNITED KINGDOM|  3684669|Manufacturer#2|569vMiIqdEWvBw2wY...|33-951-162-1939|uests are! quickl...|
+---------+------------------+--------------+---------+--------------+--------------------+---------------+--------------------+
only showing top 20 rows

Runtime:  0:00:00.197997
== Physical Plan ==
*(16) Project [s_acctbal#87, s_name#83, n_name#157, p_partkey#34, p_mfgr#36, s_address#84, s_phone#86, s_comment#88]
+- *(16) BroadcastHashJoin [n_regionkey#158], [r_regionkey#186], Inner, BuildRight, false
   :- *(16) Project [p_partkey#34, p_mfgr#36, s_name#83, s_address#84, s_phone#86, s_acctbal#87, s_comment#88, n_name#157, n_regionkey#158]
   :  +- *(16) BroadcastHashJoin [s_nationkey#85], [n_nationkey#156], Inner, BuildRight, false
   :     :- *(16) Project [p_partkey#34, p_mfgr#36, s_name#83, s_address#84, s_nationkey#85, s_phone#86, s_acctbal#87, s_comment#88]
   :     :  +- *(16) ShuffledHashJoin [ps_suppkey#123], [s_suppkey#82], Inner, BuildRight
   :     :     :- Exchange hashpartitioning(ps_suppkey#123, 200), ENSURE_REQUIREMENTS, [id=#720]
   :     :     :  +- *(12) Project [p_partkey#34, p_mfgr#36, ps_suppkey#123]
   :     :     :     +- *(12) SortMergeJoin [knownfloatingpointnormalized(normalizenanandzero(ps_supplycost#125)), p_partkey#34], [knownfloatingpointnormalized(normalizenanandzero(min(ps_supplycost)#295)), ps_partkey#122#304], Inner
   :     :     :        :- *(4) Sort [knownfloatingpointnormalized(normalizenanandzero(ps_supplycost#125)) ASC NULLS FIRST, p_partkey#34 ASC NULLS FIRST], false, 0
   :     :     :        :  +- Exchange hashpartitioning(knownfloatingpointnormalized(normalizenanandzero(ps_supplycost#125)), p_partkey#34, 200), ENSURE_REQUIREMENTS, [id=#673]
   :     :     :        :     +- *(3) Project [p_partkey#34, p_mfgr#36, ps_suppkey#123, ps_supplycost#125]
   :     :     :        :        +- *(3) ShuffledHashJoin [p_partkey#34], [ps_partkey#122], Inner, BuildLeft
   :     :     :        :           :- Exchange hashpartitioning(p_partkey#34, 200), ENSURE_REQUIREMENTS, [id=#663]
   :     :     :        :           :  +- *(1) Project [p_partkey#34, p_mfgr#36]
   :     :     :        :           :     +- *(1) Filter ((((isnotnull(p_size#39) AND isnotnull(p_type#38)) AND (p_size#39 = 15)) AND EndsWith(p_type#38, BRASS)) AND isnotnull(p_partkey#34))
   :     :     :        :           :        +- FileScan csv [p_partkey#34,p_mfgr#36,p_type#38,p_size#39] Batched: false, DataFilters: [isnotnull(p_size#39), isnotnull(p_type#38), (p_size#39 = 15), EndsWith(p_type#38, BRASS), isnotn..., Format: CSV, Location: InMemoryFileIndex[hdfs://parasilo-11.rennes.grid5000.fr:9000/user/diplomma/data/data100/part.tbl], PartitionFilters: [], PushedFilters: [IsNotNull(p_size), IsNotNull(p_type), EqualTo(p_size,15), StringEndsWith(p_type,BRASS), IsNotNul..., ReadSchema: struct<p_partkey:int,p_mfgr:string,p_type:string,p_size:int>
   :     :     :        :           +- Exchange hashpartitioning(ps_partkey#122, 200), ENSURE_REQUIREMENTS, [id=#668]
   :     :     :        :              +- *(2) Filter ((isnotnull(ps_partkey#122) AND isnotnull(ps_supplycost#125)) AND isnotnull(ps_suppkey#123))
   :     :     :        :                 +- FileScan csv [ps_partkey#122,ps_suppkey#123,ps_supplycost#125] Batched: false, DataFilters: [isnotnull(ps_partkey#122), isnotnull(ps_supplycost#125), isnotnull(ps_suppkey#123)], Format: CSV, Location: InMemoryFileIndex[hdfs://parasilo-11.rennes.grid5000.fr:9000/user/diplomma/data/data100/partsupp...., PartitionFilters: [], PushedFilters: [IsNotNull(ps_partkey), IsNotNull(ps_supplycost), IsNotNull(ps_suppkey)], ReadSchema: struct<ps_partkey:int,ps_suppkey:int,ps_supplycost:double>
   :     :     :        +- *(11) Sort [knownfloatingpointnormalized(normalizenanandzero(min(ps_supplycost)#295)) ASC NULLS FIRST, ps_partkey#122#304 ASC NULLS FIRST], false, 0
   :     :     :           +- Exchange hashpartitioning(knownfloatingpointnormalized(normalizenanandzero(min(ps_supplycost)#295)), ps_partkey#122#304, 200), ENSURE_REQUIREMENTS, [id=#712]
   :     :     :              +- *(10) Filter isnotnull(min(ps_supplycost)#295)
   :     :     :                 +- *(10) HashAggregate(keys=[ps_partkey#122], functions=[min(ps_supplycost#125)])
   :     :     :                    +- Exchange hashpartitioning(ps_partkey#122, 200), ENSURE_REQUIREMENTS, [id=#707]
   :     :     :                       +- *(9) HashAggregate(keys=[ps_partkey#122], functions=[partial_min(ps_supplycost#125)])
   :     :     :                          +- *(9) Project [ps_partkey#122, ps_supplycost#125]
   :     :     :                             +- *(9) BroadcastHashJoin [n_regionkey#158], [r_regionkey#186], Inner, BuildRight, false
   :     :     :                                :- *(9) Project [ps_partkey#122, ps_supplycost#125, n_regionkey#158]
   :     :     :                                :  +- *(9) BroadcastHashJoin [s_nationkey#85], [n_nationkey#156], Inner, BuildRight, false
   :     :     :                                :     :- *(9) Project [ps_partkey#122, ps_supplycost#125, s_nationkey#85]
   :     :     :                                :     :  +- *(9) ShuffledHashJoin [ps_suppkey#123], [s_suppkey#82], Inner, BuildRight
   :     :     :                                :     :     :- Exchange hashpartitioning(ps_suppkey#123, 200), ENSURE_REQUIREMENTS, [id=#681]
   :     :     :                                :     :     :  +- *(5) Filter (isnotnull(ps_suppkey#123) AND isnotnull(ps_partkey#122))
   :     :     :                                :     :     :     +- FileScan csv [ps_partkey#122,ps_suppkey#123,ps_supplycost#125] Batched: false, DataFilters: [isnotnull(ps_suppkey#123), isnotnull(ps_partkey#122)], Format: CSV, Location: InMemoryFileIndex[hdfs://parasilo-11.rennes.grid5000.fr:9000/user/diplomma/data/data100/partsupp...., PartitionFilters: [], PushedFilters: [IsNotNull(ps_suppkey), IsNotNull(ps_partkey)], ReadSchema: struct<ps_partkey:int,ps_suppkey:int,ps_supplycost:double>
   :     :     :                                :     :     +- Exchange hashpartitioning(s_suppkey#82, 200), ENSURE_REQUIREMENTS, [id=#686]
   :     :     :                                :     :        +- *(6) Filter (isnotnull(s_suppkey#82) AND isnotnull(s_nationkey#85))
   :     :     :                                :     :           +- FileScan csv [s_suppkey#82,s_nationkey#85] Batched: false, DataFilters: [isnotnull(s_suppkey#82), isnotnull(s_nationkey#85)], Format: CSV, Location: InMemoryFileIndex[hdfs://parasilo-11.rennes.grid5000.fr:9000/user/diplomma/data/data100/supplier...., PartitionFilters: [], PushedFilters: [IsNotNull(s_suppkey), IsNotNull(s_nationkey)], ReadSchema: struct<s_suppkey:int,s_nationkey:int>
   :     :     :                                :     +- BroadcastExchange HashedRelationBroadcastMode(List(cast(input[0, int, false] as bigint)),false), [id=#693]
   :     :     :                                :        +- *(7) Filter (isnotnull(n_nationkey#156) AND isnotnull(n_regionkey#158))
   :     :     :                                :           +- FileScan csv [n_nationkey#156,n_regionkey#158] Batched: false, DataFilters: [isnotnull(n_nationkey#156), isnotnull(n_regionkey#158)], Format: CSV, Location: InMemoryFileIndex[hdfs://parasilo-11.rennes.grid5000.fr:9000/user/diplomma/data/data100/nation.tbl], PartitionFilters: [], PushedFilters: [IsNotNull(n_nationkey), IsNotNull(n_regionkey)], ReadSchema: struct<n_nationkey:int,n_regionkey:int>
   :     :     :                                +- BroadcastExchange HashedRelationBroadcastMode(List(cast(input[0, int, true] as bigint)),false), [id=#701]
   :     :     :                                   +- *(8) Project [r_regionkey#186]
   :     :     :                                      +- *(8) Filter ((isnotnull(r_name#187) AND (r_name#187 = EUROPE)) AND isnotnull(r_regionkey#186))
   :     :     :                                         +- FileScan csv [r_regionkey#186,r_name#187] Batched: false, DataFilters: [isnotnull(r_name#187), (r_name#187 = EUROPE), isnotnull(r_regionkey#186)], Format: CSV, Location: InMemoryFileIndex[hdfs://parasilo-11.rennes.grid5000.fr:9000/user/diplomma/data/data100/region.tbl], PartitionFilters: [], PushedFilters: [IsNotNull(r_name), EqualTo(r_name,EUROPE), IsNotNull(r_regionkey)], ReadSchema: struct<r_regionkey:int,r_name:string>
   :     :     +- Exchange hashpartitioning(s_suppkey#82, 200), ENSURE_REQUIREMENTS, [id=#725]
   :     :        +- *(13) Filter (isnotnull(s_suppkey#82) AND isnotnull(s_nationkey#85))
   :     :           +- FileScan csv [s_suppkey#82,s_name#83,s_address#84,s_nationkey#85,s_phone#86,s_acctbal#87,s_comment#88] Batched: false, DataFilters: [isnotnull(s_suppkey#82), isnotnull(s_nationkey#85)], Format: CSV, Location: InMemoryFileIndex[hdfs://parasilo-11.rennes.grid5000.fr:9000/user/diplomma/data/data100/supplier...., PartitionFilters: [], PushedFilters: [IsNotNull(s_suppkey), IsNotNull(s_nationkey)], ReadSchema: struct<s_suppkey:int,s_name:string,s_address:string,s_nationkey:int,s_phone:string,s_acctbal:doub...
   :     +- BroadcastExchange HashedRelationBroadcastMode(List(cast(input[0, int, false] as bigint)),false), [id=#732]
   :        +- *(14) Filter (isnotnull(n_nationkey#156) AND isnotnull(n_regionkey#158))
   :           +- FileScan csv [n_nationkey#156,n_name#157,n_regionkey#158] Batched: false, DataFilters: [isnotnull(n_nationkey#156), isnotnull(n_regionkey#158)], Format: CSV, Location: InMemoryFileIndex[hdfs://parasilo-11.rennes.grid5000.fr:9000/user/diplomma/data/data100/nation.tbl], PartitionFilters: [], PushedFilters: [IsNotNull(n_nationkey), IsNotNull(n_regionkey)], ReadSchema: struct<n_nationkey:int,n_name:string,n_regionkey:int>
   +- ReusedExchange [r_regionkey#186], BroadcastExchange HashedRelationBroadcastMode(List(cast(input[0, int, true] as bigint)),false), [id=#701]


Region partitions:  1
Nation partitions:  1
Part partitions:  19
Partsupp partitions:  91
Supplier partitions:  12
