We are here
+----------+------------------+-----------+--------------+
|l_orderkey|           revenue|o_orderdate|o_shippriority|
+----------+------------------+-----------+--------------+
| 249739810|492136.85370000004| 1995-02-28|             0|
| 165214338|       485645.5293| 1995-03-09|             0|
| 507274210| 485256.2466999999| 1995-03-10|             0|
| 202071367|       474746.4068| 1995-03-12|             0|
|  37307463|474325.19379999995| 1995-02-06|             0|
| 461984355|       468002.5274| 1995-03-13|             0|
| 100810368|467932.76450000005| 1995-02-28|             0|
|  74015523|       467786.8027| 1995-03-14|             0|
| 402772582|463367.06649999996| 1995-03-10|             0|
| 367111712|       462559.3977| 1995-03-01|             0|
| 351107681|       460519.1751| 1995-02-05|             0|
|  81316036| 459781.3855999999| 1995-02-24|             0|
| 121258023|       459226.9414| 1995-03-12|             0|
| 177643398|       457452.4668| 1995-03-14|             0|
| 270119367|456181.44789999997| 1995-02-14|             0|
| 262164675|       456177.3486| 1995-03-14|             0|
|   2845094|        454144.251| 1995-03-06|             0|
| 235806279|       454105.2404| 1995-02-03|             0|
| 349319744|       453079.8622| 1995-01-23|             0|
|  18869634|452696.31109999993| 1995-01-10|             0|
+----------+------------------+-----------+--------------+
only showing top 20 rows

== Physical Plan ==
*(8) Sort [revenue#250 DESC NULLS LAST, o_orderdate#118 ASC NULLS FIRST], true, 0
+- Exchange rangepartitioning(revenue#250 DESC NULLS LAST, o_orderdate#118 ASC NULLS FIRST, 200), ENSURE_REQUIREMENTS, [id=#289]
   +- *(7) HashAggregate(keys=[l_orderkey#48, o_orderdate#118, o_shippriority#121], functions=[sum((l_extendedprice#53 * (1.0 - l_discount#54)))])
      +- *(7) HashAggregate(keys=[l_orderkey#48, o_orderdate#118, o_shippriority#121], functions=[partial_sum((l_extendedprice#53 * (1.0 - l_discount#54)))])
         +- *(7) Project [o_orderdate#118, o_shippriority#121, l_orderkey#48, l_extendedprice#53, l_discount#54]
            +- *(7) SortMergeJoin [o_orderkey#114], [l_orderkey#48], Inner
               :- *(4) Sort [o_orderkey#114 ASC NULLS FIRST], false, 0
               :  +- Exchange hashpartitioning(o_orderkey#114, 200), ENSURE_REQUIREMENTS, [id=#270]
               :     +- *(3) Project [o_orderkey#114, o_orderdate#118, o_shippriority#121]
               :        +- *(3) ShuffledHashJoin [c_custkey#164], [o_custkey#115], Inner, BuildLeft
               :           :- Exchange hashpartitioning(c_custkey#164, 200), ENSURE_REQUIREMENTS, [id=#260]
               :           :  +- *(1) Project [c_custkey#164]
               :           :     +- *(1) Filter ((isnotnull(c_mktsegment#170) AND (c_mktsegment#170 = BUILDING)) AND isnotnull(c_custkey#164))
               :           :        +- FileScan csv [c_custkey#164,c_mktsegment#170] Batched: false, DataFilters: [isnotnull(c_mktsegment#170), (c_mktsegment#170 = BUILDING), isnotnull(c_custkey#164)], Format: CSV, Location: InMemoryFileIndex[hdfs://parasilo-11.rennes.grid5000.fr:9000/user/diplomma/data/data100/customer...., PartitionFilters: [], PushedFilters: [IsNotNull(c_mktsegment), EqualTo(c_mktsegment,BUILDING), IsNotNull(c_custkey)], ReadSchema: struct<c_custkey:int,c_mktsegment:string>
               :           +- Exchange hashpartitioning(o_custkey#115, 200), ENSURE_REQUIREMENTS, [id=#265]
               :              +- *(2) Filter (((isnotnull(o_orderdate#118) AND (cast(o_orderdate#118 as date) < 9204)) AND isnotnull(o_custkey#115)) AND isnotnull(o_orderkey#114))
               :                 +- FileScan csv [o_orderkey#114,o_custkey#115,o_orderdate#118,o_shippriority#121] Batched: false, DataFilters: [isnotnull(o_orderdate#118), (cast(o_orderdate#118 as date) < 9204), isnotnull(o_custkey#115), is..., Format: CSV, Location: InMemoryFileIndex[hdfs://parasilo-11.rennes.grid5000.fr:9000/user/diplomma/data/data100/orders.tbl], PartitionFilters: [], PushedFilters: [IsNotNull(o_orderdate), IsNotNull(o_custkey), IsNotNull(o_orderkey)], ReadSchema: struct<o_orderkey:int,o_custkey:int,o_orderdate:string,o_shippriority:int>
               +- *(6) Sort [l_orderkey#48 ASC NULLS FIRST], false, 0
                  +- Exchange hashpartitioning(l_orderkey#48, 200), ENSURE_REQUIREMENTS, [id=#279]
                     +- *(5) Project [l_orderkey#48, l_extendedprice#53, l_discount#54]
                        +- *(5) Filter ((isnotnull(l_shipdate#58) AND (cast(l_shipdate#58 as date) > 9204)) AND isnotnull(l_orderkey#48))
                           +- FileScan csv [l_orderkey#48,l_extendedprice#53,l_discount#54,l_shipdate#58] Batched: false, DataFilters: [isnotnull(l_shipdate#58), (cast(l_shipdate#58 as date) > 9204), isnotnull(l_orderkey#48)], Format: CSV, Location: InMemoryFileIndex[hdfs://parasilo-11.rennes.grid5000.fr:9000/user/diplomma/data/data100/lineitem...., PartitionFilters: [], PushedFilters: [IsNotNull(l_shipdate), IsNotNull(l_orderkey)], ReadSchema: struct<l_orderkey:int,l_extendedprice:double,l_discount:double,l_shipdate:string>


Partitions no customer orders lineitem 56 133 593
