+---------+-----------+--------------+
|c_custkey|o_orderdate|o_shippriority|
+---------+-----------+--------------+
|  3330799| 1994-05-08|             0|
|  3397408| 1993-02-09|             0|
|  5641223| 1995-03-14|             0|
|  5392952| 1992-09-02|             0|
|   865522| 1994-02-24|             0|
|  3902053| 1993-11-15|             0|
|   438830| 1992-01-22|             0|
|    92959| 1993-01-04|             0|
|  3165761| 1994-08-23|             0|
|  2324252| 1992-03-30|             0|
|  3721384| 1993-10-19|             0|
|   488000| 1994-01-17|             0|
|  5902573| 1994-05-22|             0|
|  1939507| 1994-03-31|             0|
|  1649042| 1994-01-17|             0|
|   482333| 1993-09-15|             0|
|  2326145| 1995-03-14|             0|
|  7275055| 1994-05-01|             0|
|  4721158| 1992-07-29|             0|
|  6681733| 1992-04-24|             0|
+---------+-----------+--------------+
only showing top 20 rows

== Physical Plan ==
*(3) Project [c_custkey#84, o_orderdate#38, o_shippriority#41]
+- *(3) ShuffledHashJoin [c_custkey#84], [o_custkey#35], Inner, BuildLeft
   :- Exchange hashpartitioning(c_custkey#84, 200), ENSURE_REQUIREMENTS, [id=#128]
   :  +- *(1) Project [c_custkey#84]
   :     +- *(1) Filter ((isnotnull(c_mktsegment#90) AND (c_mktsegment#90 = BUILDING)) AND isnotnull(c_custkey#84))
   :        +- FileScan csv [c_custkey#84,c_mktsegment#90] Batched: false, DataFilters: [isnotnull(c_mktsegment#90), (c_mktsegment#90 = BUILDING), isnotnull(c_custkey#84)], Format: CSV, Location: InMemoryFileIndex[hdfs://parasilo-11.rennes.grid5000.fr:9000/user/diplomma/data/data50/customer.tbl], PartitionFilters: [], PushedFilters: [IsNotNull(c_mktsegment), EqualTo(c_mktsegment,BUILDING), IsNotNull(c_custkey)], ReadSchema: struct<c_custkey:int,c_mktsegment:string>
   +- Exchange hashpartitioning(o_custkey#35, 200), ENSURE_REQUIREMENTS, [id=#133]
      +- *(2) Filter ((isnotnull(o_orderdate#38) AND (cast(o_orderdate#38 as date) < 9204)) AND isnotnull(o_custkey#35))
         +- FileScan csv [o_custkey#35,o_orderdate#38,o_shippriority#41] Batched: false, DataFilters: [isnotnull(o_orderdate#38), (cast(o_orderdate#38 as date) < 9204), isnotnull(o_custkey#35)], Format: CSV, Location: InMemoryFileIndex[hdfs://parasilo-11.rennes.grid5000.fr:9000/user/diplomma/data/data50/orders.tbl], PartitionFilters: [], PushedFilters: [IsNotNull(o_orderdate), IsNotNull(o_custkey)], ReadSchema: struct<o_custkey:int,o_orderdate:string,o_shippriority:int>


Partitions no customer orders 28 66
