+----------+------------------+
|l_orderkey|            s_name|
+----------+------------------+
|   6195909|Supplier#000498255|
|   6196032|Supplier#000149761|
|   6196133|Supplier#000143032|
|   6196515|Supplier#000341205|
|   6196518|Supplier#000181700|
|   6196965|Supplier#000280602|
|   6197313|Supplier#000126191|
|   6198370|Supplier#000188488|
|   6198630|Supplier#000216627|
|   6199527|Supplier#000128367|
|   6199589|Supplier#000438279|
|   6200390|Supplier#000179749|
|   6200644|Supplier#000219523|
|   6201127|Supplier#000453520|
|   6201380|Supplier#000451907|
|   6201638|Supplier#000028759|
|   6201984|Supplier#000202908|
|   6202080|Supplier#000395996|
|   6202178|Supplier#000347775|
|   6203686|Supplier#000417197|
+----------+------------------+
only showing top 20 rows

== Physical Plan ==
*(3) Project [l_orderkey#48, s_name#111]
+- *(3) ShuffledHashJoin [s_suppkey#110], [l_suppkey#50], Inner, BuildLeft
   :- Exchange hashpartitioning(s_suppkey#110, 200), ENSURE_REQUIREMENTS, [id=#127]
   :  +- *(1) Filter isnotnull(s_suppkey#110)
   :     +- FileScan csv [s_suppkey#110,s_name#111] Batched: false, DataFilters: [isnotnull(s_suppkey#110)], Format: CSV, Location: InMemoryFileIndex[hdfs://parasilo-11.rennes.grid5000.fr:9000/user/diplomma/data/data50/supplier.tbl], PartitionFilters: [], PushedFilters: [IsNotNull(s_suppkey)], ReadSchema: struct<s_suppkey:int,s_name:string>
   +- Exchange hashpartitioning(l_suppkey#50, 200), ENSURE_REQUIREMENTS, [id=#133]
      +- *(2) Project [l_orderkey#48, l_suppkey#50]
         +- *(2) Filter ((isnotnull(l_shipdate#58) AND (cast(l_shipdate#58 as date) > 9204)) AND isnotnull(l_suppkey#50))
            +- FileScan csv [l_orderkey#48,l_suppkey#50,l_shipdate#58] Batched: false, DataFilters: [isnotnull(l_shipdate#58), (cast(l_shipdate#58 as date) > 9204), isnotnull(l_suppkey#50)], Format: CSV, Location: InMemoryFileIndex[hdfs://parasilo-11.rennes.grid5000.fr:9000/user/diplomma/data/data50/lineitem.tbl], PartitionFilters: [], PushedFilters: [IsNotNull(l_shipdate), IsNotNull(l_suppkey)], ReadSchema: struct<l_orderkey:int,l_suppkey:int,l_shipdate:string>


Partitions no lineitem supplier 295 8
