+----------+------------------+
|l_orderkey|            s_name|
+----------+------------------+
|   8259875|Supplier#000371122|
|   8260230|Supplier#000195367|
|   8260320|Supplier#000037146|
|   8260390|Supplier#000213089|
|   8261191|Supplier#000418147|
|   8261792|Supplier#000377515|
|   8262150|Supplier#000189903|
|   8262310|Supplier#000124798|
|   8262919|Supplier#000122555|
|   8262977|Supplier#000449441|
|   8263427|Supplier#000244128|
|   8263716|Supplier#000363904|
|   8264071|Supplier#000057380|
|   8264256|Supplier#000356454|
|   8264385|Supplier#000276517|
|   8264450|Supplier#000398497|
|   8264865|Supplier#000239142|
|   8265379|Supplier#000102524|
|   8265638|Supplier#000129791|
|   8265892|Supplier#000337731|
+----------+------------------+
only showing top 20 rows

== Physical Plan ==
*(3) Project [l_orderkey#48, s_name#111]
+- *(3) ShuffledHashJoin [s_suppkey#110], [l_suppkey#50], Inner, BuildLeft
   :- Exchange hashpartitioning(s_suppkey#110, 200), ENSURE_REQUIREMENTS, [id=#127]
   :  +- *(1) Filter isnotnull(s_suppkey#110)
   :     +- FileScan csv [s_suppkey#110,s_name#111] Batched: false, DataFilters: [isnotnull(s_suppkey#110)], Format: CSV, Location: InMemoryFileIndex[hdfs://parasilo-11.rennes.grid5000.fr:9000/user/diplomma/data/data50/supplier.tbl], PartitionFilters: [], PushedFilters: [IsNotNull(s_suppkey)], ReadSchema: struct<s_suppkey:int,s_name:string>
   +- Exchange hashpartitioning(l_suppkey#50, 200), ENSURE_REQUIREMENTS, [id=#133]
      +- *(2) Project [l_orderkey#48, l_suppkey#50]
         +- *(2) Filter ((isnotnull(l_shipdate#58) AND (cast(l_shipdate#58 as date) > 9204)) AND isnotnull(l_suppkey#50))
            +- FileScan csv [l_orderkey#48,l_suppkey#50,l_shipdate#58] Batched: false, DataFilters: [isnotnull(l_shipdate#58), (cast(l_shipdate#58 as date) > 9204), isnotnull(l_suppkey#50)], Format: CSV, Location: InMemoryFileIndex[hdfs://parasilo-11.rennes.grid5000.fr:9000/user/diplomma/data/data50/lineitem.tbl], PartitionFilters: [], PushedFilters: [IsNotNull(l_shipdate), IsNotNull(l_suppkey)], ReadSchema: struct<l_orderkey:int,l_suppkey:int,l_shipdate:string>


Partitions no lineitem supplier 295 16
