+----------+------------------+
|l_orderkey|            s_name|
+----------+------------------+
|  13393318|Supplier#000364121|
|  13393475|Supplier#000305951|
|  13393635|Supplier#000020735|
|  13394466|Supplier#000379892|
|  13394947|Supplier#000156645|
|  13395430|Supplier#000296807|
|  13396198|Supplier#000096469|
|  13396423|Supplier#000131213|
|  13396704|Supplier#000175197|
|  13396769|Supplier#000015727|
|  13397892|Supplier#000018800|
|  13397988|Supplier#000265366|
|  13397990|Supplier#000195263|
|  13398018|Supplier#000497343|
|  13398176|Supplier#000230478|
|  13399269|Supplier#000470233|
|  13399331|Supplier#000273285|
|  13399586|Supplier#000243119|
|  13399841|Supplier#000326052|
|  13400897|Supplier#000040386|
+----------+------------------+
only showing top 20 rows

== Physical Plan ==
*(3) Project [l_orderkey#48, s_name#111]
+- *(3) ShuffledHashJoin [s_suppkey#110], [l_suppkey#50], Inner, BuildLeft
   :- Exchange hashpartitioning(s_suppkey#110, 200), ENSURE_REQUIREMENTS, [id=#127]
   :  +- *(1) Filter isnotnull(s_suppkey#110)
   :     +- FileScan csv [s_suppkey#110,s_name#111] Batched: false, DataFilters: [isnotnull(s_suppkey#110)], Format: CSV, Location: InMemoryFileIndex[hdfs://parasilo-11.rennes.grid5000.fr:9000/user/diplomma/data/data50/supplier.tbl], PartitionFilters: [], PushedFilters: [IsNotNull(s_suppkey)], ReadSchema: struct<s_suppkey:int,s_name:string>
   +- Exchange hashpartitioning(l_suppkey#50, 200), ENSURE_REQUIREMENTS, [id=#133]
      +- *(2) Project [l_orderkey#48, l_suppkey#50]
         +- *(2) Filter ((isnotnull(l_shipdate#58) AND (cast(l_shipdate#58 as date) > 9204)) AND isnotnull(l_suppkey#50))
            +- FileScan csv [l_orderkey#48,l_suppkey#50,l_shipdate#58] Batched: false, DataFilters: [isnotnull(l_shipdate#58), (cast(l_shipdate#58 as date) > 9204), isnotnull(l_suppkey#50)], Format: CSV, Location: InMemoryFileIndex[hdfs://parasilo-11.rennes.grid5000.fr:9000/user/diplomma/data/data50/lineitem.tbl], PartitionFilters: [], PushedFilters: [IsNotNull(l_shipdate), IsNotNull(l_suppkey)], ReadSchema: struct<l_orderkey:int,l_suppkey:int,l_shipdate:string>


Partitions no lineitem supplier 295 18
