+----------+------------------+
|l_orderkey|            s_name|
+----------+------------------+
| 254756420|Supplier#000108560|
| 254757026|Supplier#000283975|
| 254757540|Supplier#000218419|
| 254757728|Supplier#000490568|
| 254757863|Supplier#000057039|
| 254757889|Supplier#000484124|
| 254757889|Supplier#000134607|
| 254758019|Supplier#000081501|
| 254758084|Supplier#000150956|
| 254758336|Supplier#000391717|
| 254758721|Supplier#000101475|
| 254758753|Supplier#000432399|
| 254758914|Supplier#000461693|
| 254759205|Supplier#000220674|
| 254759269|Supplier#000372733|
| 254759458|Supplier#000493490|
| 254759681|Supplier#000292608|
| 254759783|Supplier#000431018|
| 254759812|Supplier#000255394|
| 254760290|Supplier#000341531|
+----------+------------------+
only showing top 20 rows

== Physical Plan ==
*(3) Project [l_orderkey#48, s_name#111]
+- *(3) ShuffledHashJoin [s_suppkey#110], [l_suppkey#50], Inner, BuildLeft
   :- Exchange hashpartitioning(s_suppkey#110, 200), ENSURE_REQUIREMENTS, [id=#127]
   :  +- *(1) Filter isnotnull(s_suppkey#110)
   :     +- FileScan csv [s_suppkey#110,s_name#111] Batched: false, DataFilters: [isnotnull(s_suppkey#110)], Format: CSV, Location: InMemoryFileIndex[hdfs://parasilo-11.rennes.grid5000.fr:9000/user/diplomma/data/data50/supplier.tbl], PartitionFilters: [], PushedFilters: [IsNotNull(s_suppkey)], ReadSchema: struct<s_suppkey:int,s_name:string>
   +- Exchange hashpartitioning(l_suppkey#50, 200), ENSURE_REQUIREMENTS, [id=#133]
      +- *(2) Project [l_orderkey#48, l_suppkey#50]
         +- *(2) Filter ((isnotnull(l_shipdate#58) AND (cast(l_shipdate#58 as date) > 9204)) AND isnotnull(l_suppkey#50))
            +- FileScan csv [l_orderkey#48,l_suppkey#50,l_shipdate#58] Batched: false, DataFilters: [isnotnull(l_shipdate#58), (cast(l_shipdate#58 as date) > 9204), isnotnull(l_suppkey#50)], Format: CSV, Location: InMemoryFileIndex[hdfs://parasilo-11.rennes.grid5000.fr:9000/user/diplomma/data/data50/lineitem.tbl], PartitionFilters: [], PushedFilters: [IsNotNull(l_shipdate), IsNotNull(l_suppkey)], ReadSchema: struct<l_orderkey:int,l_suppkey:int,l_shipdate:string>


Partitions no lineitem supplier 295 18
