+----------+------------------+
|l_orderkey|            s_name|
+----------+------------------+
|   4133607|Supplier#000101055|
|   4134020|Supplier#000452133|
|   4134244|Supplier#000078400|
|   4134597|Supplier#000026755|
|   4134690|Supplier#000031367|
|   4134695|Supplier#000072758|
|   4134855|Supplier#000069048|
|   4134980|Supplier#000415295|
|   4135301|Supplier#000198173|
|   4135780|Supplier#000342088|
|   4136354|Supplier#000482726|
|   4136960|Supplier#000459946|
|   4137063|Supplier#000369410|
|   4137476|Supplier#000100274|
|   4138082|Supplier#000104064|
|   4138149|Supplier#000046994|
|   4138149|Supplier#000005803|
|   4138338|Supplier#000018498|
|   4138370|Supplier#000310728|
|   4138533|Supplier#000245857|
+----------+------------------+
only showing top 20 rows

== Physical Plan ==
*(3) Project [l_orderkey#48, s_name#111]
+- *(3) ShuffledHashJoin [s_suppkey#110], [l_suppkey#50], Inner, BuildLeft
   :- Exchange hashpartitioning(s_suppkey#110, 200), ENSURE_REQUIREMENTS, [id=#127]
   :  +- *(1) Filter isnotnull(s_suppkey#110)
   :     +- FileScan csv [s_suppkey#110,s_name#111] Batched: false, DataFilters: [isnotnull(s_suppkey#110)], Format: CSV, Location: InMemoryFileIndex[hdfs://parasilo-11.rennes.grid5000.fr:9000/user/diplomma/data/data50/supplier.tbl], PartitionFilters: [], PushedFilters: [IsNotNull(s_suppkey)], ReadSchema: struct<s_suppkey:int,s_name:string>
   +- Exchange hashpartitioning(l_suppkey#50, 200), ENSURE_REQUIREMENTS, [id=#133]
      +- *(2) Project [l_orderkey#48, l_suppkey#50]
         +- *(2) Filter ((isnotnull(l_shipdate#58) AND (cast(l_shipdate#58 as date) > 9204)) AND isnotnull(l_suppkey#50))
            +- FileScan csv [l_orderkey#48,l_suppkey#50,l_shipdate#58] Batched: false, DataFilters: [isnotnull(l_shipdate#58), (cast(l_shipdate#58 as date) > 9204), isnotnull(l_suppkey#50)], Format: CSV, Location: InMemoryFileIndex[hdfs://parasilo-11.rennes.grid5000.fr:9000/user/diplomma/data/data50/lineitem.tbl], PartitionFilters: [], PushedFilters: [IsNotNull(l_shipdate), IsNotNull(l_suppkey)], ReadSchema: struct<l_orderkey:int,l_suppkey:int,l_shipdate:string>


Partitions no lineitem supplier 295 14
