+----------+------------------+
|l_orderkey|            s_name|
+----------+------------------+
| 117650180|Supplier#000070355|
| 117650370|Supplier#000129791|
| 117650592|Supplier#000488488|
| 117650592|Supplier#000018024|
| 117650692|Supplier#000008086|
| 117650912|Supplier#000037307|
| 117650981|Supplier#000069454|
| 117651684|Supplier#000346916|
| 117651910|Supplier#000265863|
| 117652547|Supplier#000219352|
| 117653186|Supplier#000330706|
| 117653383|Supplier#000190227|
| 117653472|Supplier#000263013|
| 117653954|Supplier#000283975|
| 117654087|Supplier#000487686|
| 117654151|Supplier#000231236|
| 117654151|Supplier#000154033|
| 117654179|Supplier#000453707|
| 117654304|Supplier#000031367|
| 117654437|Supplier#000347056|
+----------+------------------+
only showing top 20 rows

== Physical Plan ==
*(3) Project [l_orderkey#48, s_name#111]
+- *(3) ShuffledHashJoin [s_suppkey#110], [l_suppkey#50], Inner, BuildLeft
   :- Exchange hashpartitioning(s_suppkey#110, 200), ENSURE_REQUIREMENTS, [id=#127]
   :  +- *(1) Filter isnotnull(s_suppkey#110)
   :     +- FileScan csv [s_suppkey#110,s_name#111] Batched: false, DataFilters: [isnotnull(s_suppkey#110)], Format: CSV, Location: InMemoryFileIndex[hdfs://parasilo-11.rennes.grid5000.fr:9000/user/diplomma/data/data50/supplier.tbl], PartitionFilters: [], PushedFilters: [IsNotNull(s_suppkey)], ReadSchema: struct<s_suppkey:int,s_name:string>
   +- Exchange hashpartitioning(l_suppkey#50, 200), ENSURE_REQUIREMENTS, [id=#133]
      +- *(2) Project [l_orderkey#48, l_suppkey#50]
         +- *(2) Filter ((isnotnull(l_shipdate#58) AND (cast(l_shipdate#58 as date) > 9204)) AND isnotnull(l_suppkey#50))
            +- FileScan csv [l_orderkey#48,l_suppkey#50,l_shipdate#58] Batched: false, DataFilters: [isnotnull(l_shipdate#58), (cast(l_shipdate#58 as date) > 9204), isnotnull(l_suppkey#50)], Format: CSV, Location: InMemoryFileIndex[hdfs://parasilo-11.rennes.grid5000.fr:9000/user/diplomma/data/data50/lineitem.tbl], PartitionFilters: [], PushedFilters: [IsNotNull(l_shipdate), IsNotNull(l_suppkey)], ReadSchema: struct<l_orderkey:int,l_suppkey:int,l_shipdate:string>


Partitions no lineitem supplier 295 7
