+----------+------------------+
|l_orderkey|            s_name|
+----------+------------------+
|  18509540|Supplier#000080579|
|  18510432|Supplier#000097564|
|  18510562|Supplier#000315637|
|  18510562|Supplier#000385313|
|  18510564|Supplier#000469345|
|  18510628|Supplier#000267602|
|  18510757|Supplier#000335442|
|  18510758|Supplier#000064519|
|  18511648|Supplier#000369246|
|  18512098|Supplier#000328529|
|  18512549|Supplier#000143778|
|  18512582|Supplier#000081734|
|  18512708|Supplier#000471452|
|  18512710|Supplier#000214719|
|  18512768|Supplier#000092317|
|  18512961|Supplier#000230513|
|  18513666|Supplier#000472859|
|  18513792|Supplier#000425639|
|  18513984|Supplier#000302825|
|  18514021|Supplier#000461434|
+----------+------------------+
only showing top 20 rows

== Physical Plan ==
*(3) Project [l_orderkey#48, s_name#111]
+- *(3) ShuffledHashJoin [s_suppkey#110], [l_suppkey#50], Inner, BuildLeft
   :- Exchange hashpartitioning(s_suppkey#110, 200), ENSURE_REQUIREMENTS, [id=#127]
   :  +- *(1) Filter isnotnull(s_suppkey#110)
   :     +- FileScan csv [s_suppkey#110,s_name#111] Batched: false, DataFilters: [isnotnull(s_suppkey#110)], Format: CSV, Location: InMemoryFileIndex[hdfs://parasilo-11.rennes.grid5000.fr:9000/user/diplomma/data/data50/supplier.tbl], PartitionFilters: [], PushedFilters: [IsNotNull(s_suppkey)], ReadSchema: struct<s_suppkey:int,s_name:string>
   +- Exchange hashpartitioning(l_suppkey#50, 200), ENSURE_REQUIREMENTS, [id=#133]
      +- *(2) Project [l_orderkey#48, l_suppkey#50]
         +- *(2) Filter ((isnotnull(l_shipdate#58) AND (cast(l_shipdate#58 as date) > 9204)) AND isnotnull(l_suppkey#50))
            +- FileScan csv [l_orderkey#48,l_suppkey#50,l_shipdate#58] Batched: false, DataFilters: [isnotnull(l_shipdate#58), (cast(l_shipdate#58 as date) > 9204), isnotnull(l_suppkey#50)], Format: CSV, Location: InMemoryFileIndex[hdfs://parasilo-11.rennes.grid5000.fr:9000/user/diplomma/data/data50/lineitem.tbl], PartitionFilters: [], PushedFilters: [IsNotNull(l_shipdate), IsNotNull(l_suppkey)], ReadSchema: struct<l_orderkey:int,l_suppkey:int,l_shipdate:string>


Partitions no lineitem supplier 295 18
