+---------+------------------+-----------------+---------+-------------+--------------------+---------------+--------------------+
|c_custkey|            c_name|          revenue|c_acctbal|       n_name|           c_address|        c_phone|           c_comment|
+---------+------------------+-----------------+---------+-------------+--------------------+---------------+--------------------+
|  3872296|Customer#003872296|907520.6288000001|  7171.94|       JORDAN|sDWuffFPY3GaWfw4x...|23-586-900-6141|oss the ironic br...|
|  6581440|Customer#006581440|      821712.7196|  9701.39|      ALGERIA|,,ZrWKHiYMyavUmqi...|10-382-662-8278|ar tithes. fluffi...|
|   533257|Customer#000533257|      819958.1956|   220.13|       FRANCE|          39P6E 0MBX|16-355-151-3994|across the bold d...|
|   503848|Customer#000503848|818945.0451000001|  1318.11|        INDIA|ZqSyt69a8K3 pv7Vr...|18-161-983-2683|mptotes sleep alw...|
|  4482559|Customer#004482559|812214.8184000001|  6976.91|    INDONESIA| jE9zw4XVUJ4oL HBqZr|19-619-676-4112|en deposits haggl...|
|  3856279|Customer#003856279|      800112.2917|  7932.69|   MOZAMBIQUE|JHKxyh 5Qbl1Q8yyP...|26-933-738-9071|. blithely final ...|
|  1160332|Customer#001160332|      794649.3452|  8126.41|       JORDAN|4puuI905,tqN VvJ4...|23-801-564-8980|ously unusual pin...|
|   686671|Customer#000686671|      788418.0824|  1740.77|      GERMANY|   HIHFtoSg4TnKYDCKb|17-134-548-1150|usly ruthless ide...|
|  2032474|Customer#002032474|      784572.6736|  7751.49|   MOZAMBIQUE|         qn66hk9EMoJ|26-984-935-6839| deposits affix b...|
|  4838866|Customer#004838866|779768.6803000001|  9370.09|      VIETNAM|YNRi,rHXOLj7Q7qT0...|31-631-442-9437|g. bold pinto bea...|
|  3715462|Customer#003715462|      775853.8145|  4011.68|        JAPAN|P1sgdBmuLnj,WNVC8...|22-811-368-7132|hins. furiously i...|
|   830131|Customer#000830131|774552.9565999999|  8835.35|        KENYA|    JcnbFhncUd aLtB |24-975-899-9579| are regular, bol...|
|  5462536|Customer#005462536|768140.7206999998|  2853.51|        EGYPT|      fmEUadgcpDwlNw|14-119-471-9460|symptotes sleep r...|
|   142618|Customer#000142618|763187.8430999999|  9823.25|      GERMANY|VRcUxAWAvPYp0ykH5...|17-277-893-8160|arls. pending pin...|
|   629872|Customer#000629872|      760921.0651|  1067.64|        KENYA|QEBMqXgMtoaDjPMIU...|24-959-490-2814|sits. blithely ev...|
|  7381429|Customer#007381429|      760793.4193|  6082.45|      ROMANIA|wljqbCqMbDV62uGf,...|29-618-801-7110|ost slyly along t...|
|  4723204|Customer#004723204|       760713.186|  8200.79|       BRAZIL|l qP9mkRHz3wlHm6v...|12-957-786-3379|express deposits ...|
|  3572626|Customer#003572626|      759522.9322|  5576.71|         PERU|         X37GA bqbs9|27-271-651-8884| accounts haggle ...|
|  6032350|Customer#006032350|      759006.6261|  4638.73|UNITED STATES|bG uzUn2MMfpdB4iT...|34-924-198-4741|sly final request...|
|  7125991|Customer#007125991|      747821.9394|  7654.13|        JAPAN|        WYXwDutBFAhW|22-236-864-9126|ns-- theodolites ...|
+---------+------------------+-----------------+---------+-------------+--------------------+---------------+--------------------+
only showing top 20 rows

== Physical Plan ==
*(12) Sort [revenue#307 DESC NULLS LAST], true, 0
+- Exchange rangepartitioning(revenue#307 DESC NULLS LAST, 200), ENSURE_REQUIREMENTS, [id=#395]
   +- *(11) HashAggregate(keys=[c_custkey#164, c_name#165, c_acctbal#169, c_phone#168, n_name#205, c_address#166, c_comment#171], functions=[sum((l_extendedprice#53 * (1.0 - l_discount#54)))])
      +- Exchange hashpartitioning(c_custkey#164, c_name#165, c_acctbal#169, c_phone#168, n_name#205, c_address#166, c_comment#171, 200), ENSURE_REQUIREMENTS, [id=#391]
         +- *(10) HashAggregate(keys=[c_custkey#164, c_name#165, knownfloatingpointnormalized(normalizenanandzero(c_acctbal#169)) AS c_acctbal#169, c_phone#168, n_name#205, c_address#166, c_comment#171], functions=[partial_sum((l_extendedprice#53 * (1.0 - l_discount#54)))])
            +- *(10) Project [c_custkey#164, c_name#165, c_address#166, c_phone#168, c_acctbal#169, c_comment#171, l_extendedprice#53, l_discount#54, n_name#205]
               +- *(10) BroadcastHashJoin [c_nationkey#167], [n_nationkey#204], Inner, BuildRight, false
                  :- *(10) Project [c_custkey#164, c_name#165, c_address#166, c_nationkey#167, c_phone#168, c_acctbal#169, c_comment#171, l_extendedprice#53, l_discount#54]
                  :  +- *(10) SortMergeJoin [o_orderkey#114], [l_orderkey#48], Inner
                  :     :- *(6) Sort [o_orderkey#114 ASC NULLS FIRST], false, 0
                  :     :  +- Exchange hashpartitioning(o_orderkey#114, 200), ENSURE_REQUIREMENTS, [id=#366]
                  :     :     +- *(5) Project [c_custkey#164, c_name#165, c_address#166, c_nationkey#167, c_phone#168, c_acctbal#169, c_comment#171, o_orderkey#114]
                  :     :        +- *(5) SortMergeJoin [c_custkey#164], [o_custkey#115], Inner
                  :     :           :- *(2) Sort [c_custkey#164 ASC NULLS FIRST], false, 0
                  :     :           :  +- Exchange hashpartitioning(c_custkey#164, 200), ENSURE_REQUIREMENTS, [id=#349]
                  :     :           :     +- *(1) Filter (isnotnull(c_custkey#164) AND isnotnull(c_nationkey#167))
                  :     :           :        +- FileScan csv [c_custkey#164,c_name#165,c_address#166,c_nationkey#167,c_phone#168,c_acctbal#169,c_comment#171] Batched: false, DataFilters: [isnotnull(c_custkey#164), isnotnull(c_nationkey#167)], Format: CSV, Location: InMemoryFileIndex[hdfs://parasilo-11.rennes.grid5000.fr:9000/user/diplomma/data/data50/customer.tbl], PartitionFilters: [], PushedFilters: [IsNotNull(c_custkey), IsNotNull(c_nationkey)], ReadSchema: struct<c_custkey:int,c_name:string,c_address:string,c_nationkey:int,c_phone:string,c_acctbal:doub...
                  :     :           +- *(4) Sort [o_custkey#115 ASC NULLS FIRST], false, 0
                  :     :              +- Exchange hashpartitioning(o_custkey#115, 200), ENSURE_REQUIREMENTS, [id=#358]
                  :     :                 +- *(3) Project [o_orderkey#114, o_custkey#115]
                  :     :                    +- *(3) Filter ((((isnotnull(o_orderdate#118) AND (cast(o_orderdate#118 as date) >= 8674)) AND (cast(o_orderdate#118 as date) < 8766)) AND isnotnull(o_custkey#115)) AND isnotnull(o_orderkey#114))
                  :     :                       +- FileScan csv [o_orderkey#114,o_custkey#115,o_orderdate#118] Batched: false, DataFilters: [isnotnull(o_orderdate#118), (cast(o_orderdate#118 as date) >= 8674), (cast(o_orderdate#118 as da..., Format: CSV, Location: InMemoryFileIndex[hdfs://parasilo-11.rennes.grid5000.fr:9000/user/diplomma/data/data50/orders.tbl], PartitionFilters: [], PushedFilters: [IsNotNull(o_orderdate), IsNotNull(o_custkey), IsNotNull(o_orderkey)], ReadSchema: struct<o_orderkey:int,o_custkey:int,o_orderdate:string>
                  :     +- *(8) Sort [l_orderkey#48 ASC NULLS FIRST], false, 0
                  :        +- Exchange hashpartitioning(l_orderkey#48, 200), ENSURE_REQUIREMENTS, [id=#375]
                  :           +- *(7) Project [l_orderkey#48, l_extendedprice#53, l_discount#54]
                  :              +- *(7) Filter ((isnotnull(l_returnflag#56) AND (l_returnflag#56 = R)) AND isnotnull(l_orderkey#48))
                  :                 +- FileScan csv [l_orderkey#48,l_extendedprice#53,l_discount#54,l_returnflag#56] Batched: false, DataFilters: [isnotnull(l_returnflag#56), (l_returnflag#56 = R), isnotnull(l_orderkey#48)], Format: CSV, Location: InMemoryFileIndex[hdfs://parasilo-11.rennes.grid5000.fr:9000/user/diplomma/data/data50/lineitem.tbl], PartitionFilters: [], PushedFilters: [IsNotNull(l_returnflag), EqualTo(l_returnflag,R), IsNotNull(l_orderkey)], ReadSchema: struct<l_orderkey:int,l_extendedprice:double,l_discount:double,l_returnflag:string>
                  +- BroadcastExchange HashedRelationBroadcastMode(List(cast(input[0, int, false] as bigint)),false), [id=#385]
                     +- *(9) Filter isnotnull(n_nationkey#204)
                        +- FileScan csv [n_nationkey#204,n_name#205] Batched: false, DataFilters: [isnotnull(n_nationkey#204)], Format: CSV, Location: InMemoryFileIndex[hdfs://parasilo-11.rennes.grid5000.fr:9000/user/diplomma/data/data50/nation.tbl], PartitionFilters: [], PushedFilters: [IsNotNull(n_nationkey)], ReadSchema: struct<n_nationkey:int,n_name:string>


Partitions no customer orders lineitem 32 66 295
